{"D:\\Denilson\\Cursos\\FrontEnd\\Projects\\d-p-telegrafo\\src\\infrastructure\\api\\fetch-api\\index.js": {"path":"D:\\Denilson\\Cursos\\FrontEnd\\Projects\\d-p-telegrafo\\src\\infrastructure\\api\\fetch-api\\index.js","statementMap":{},"fnMap":{},"branchMap":{},"s":{},"f":{},"b":{},"_coverageSchema":"1a1c01bbd47fc00a2c39e90264f33305004495a9","hash":"86368ee0bae0df82bc44dadd194c88896adeb801"}
,"D:\\Denilson\\Cursos\\FrontEnd\\Projects\\d-p-telegrafo\\src\\infrastructure\\api\\fetch-api\\chats\\index.js": {"path":"D:\\Denilson\\Cursos\\FrontEnd\\Projects\\d-p-telegrafo\\src\\infrastructure\\api\\fetch-api\\chats\\index.js","statementMap":{"0":{"start":{"line":1,"column":13},"end":{"line":1,"column":29}},"1":{"start":{"line":3,"column":17},"end":{"line":14,"column":1}},"2":{"start":{"line":4,"column":2},"end":{"line":13,"column":3}},"3":{"start":{"line":5,"column":16},"end":{"line":5,"column":65}},"4":{"start":{"line":6,"column":4},"end":{"line":9,"column":5}},"5":{"start":{"line":7,"column":19},"end":{"line":7,"column":35}},"6":{"start":{"line":8,"column":6},"end":{"line":8,"column":44}},"7":{"start":{"line":10,"column":4},"end":{"line":10,"column":61}},"8":{"start":{"line":12,"column":4},"end":{"line":12,"column":61}}},"fnMap":{"0":{"name":"(anonymous_0)","decl":{"start":{"line":3,"column":17},"end":{"line":3,"column":18}},"loc":{"start":{"line":3,"column":42},"end":{"line":14,"column":1}},"line":3}},"branchMap":{"0":{"loc":{"start":{"line":6,"column":4},"end":{"line":9,"column":5}},"type":"if","locations":[{"start":{"line":6,"column":4},"end":{"line":9,"column":5}},{"start":{},"end":{}}],"line":6}},"s":{"0":4,"1":4,"2":3,"3":3,"4":3,"5":3,"6":3,"7":0,"8":0},"f":{"0":3},"b":{"0":[3,0]},"_coverageSchema":"1a1c01bbd47fc00a2c39e90264f33305004495a9","hash":"e8a3361bef74d4b4a85795a338e858da856d02ae"}
,"D:\\Denilson\\Cursos\\FrontEnd\\Projects\\d-p-telegrafo\\src\\infrastructure\\api\\fetch-api\\contacts\\index.js": {"path":"D:\\Denilson\\Cursos\\FrontEnd\\Projects\\d-p-telegrafo\\src\\infrastructure\\api\\fetch-api\\contacts\\index.js","statementMap":{"0":{"start":{"line":1,"column":13},"end":{"line":1,"column":29}},"1":{"start":{"line":3,"column":22},"end":{"line":14,"column":1}},"2":{"start":{"line":4,"column":2},"end":{"line":13,"column":3}},"3":{"start":{"line":5,"column":16},"end":{"line":5,"column":70}},"4":{"start":{"line":6,"column":4},"end":{"line":9,"column":5}},"5":{"start":{"line":7,"column":19},"end":{"line":7,"column":35}},"6":{"start":{"line":8,"column":6},"end":{"line":8,"column":44}},"7":{"start":{"line":10,"column":4},"end":{"line":10,"column":64}},"8":{"start":{"line":12,"column":4},"end":{"line":12,"column":64}},"9":{"start":{"line":16,"column":22},"end":{"line":28,"column":1}},"10":{"start":{"line":17,"column":2},"end":{"line":27,"column":3}},"11":{"start":{"line":18,"column":16},"end":{"line":22,"column":6}},"12":{"start":{"line":23,"column":17},"end":{"line":23,"column":33}},"13":{"start":{"line":24,"column":4},"end":{"line":24,"column":62}},"14":{"start":{"line":26,"column":4},"end":{"line":26,"column":64}}},"fnMap":{"0":{"name":"(anonymous_0)","decl":{"start":{"line":3,"column":22},"end":{"line":3,"column":23}},"loc":{"start":{"line":3,"column":47},"end":{"line":14,"column":1}},"line":3},"1":{"name":"(anonymous_1)","decl":{"start":{"line":16,"column":22},"end":{"line":16,"column":23}},"loc":{"start":{"line":16,"column":49},"end":{"line":28,"column":1}},"line":16}},"branchMap":{"0":{"loc":{"start":{"line":6,"column":4},"end":{"line":9,"column":5}},"type":"if","locations":[{"start":{"line":6,"column":4},"end":{"line":9,"column":5}},{"start":{},"end":{}}],"line":6}},"s":{"0":5,"1":5,"2":5,"3":5,"4":5,"5":4,"6":4,"7":1,"8":0,"9":5,"10":3,"11":3,"12":3,"13":3,"14":0},"f":{"0":5,"1":3},"b":{"0":[4,1]},"_coverageSchema":"1a1c01bbd47fc00a2c39e90264f33305004495a9","hash":"c3537ea8865d6830292420a7552392fb973dc38f"}
,"D:\\Denilson\\Cursos\\FrontEnd\\Projects\\d-p-telegrafo\\src\\infrastructure\\redux\\features\\chats\\actions.js": {"path":"D:\\Denilson\\Cursos\\FrontEnd\\Projects\\d-p-telegrafo\\src\\infrastructure\\redux\\features\\chats\\actions.js","statementMap":{"0":{"start":{"line":3,"column":17},"end":{"line":13,"column":1}},"1":{"start":{"line":6,"column":33},"end":{"line":6,"column":41}},"2":{"start":{"line":7,"column":25},"end":{"line":7,"column":66}},"3":{"start":{"line":8,"column":8},"end":{"line":10,"column":9}},"4":{"start":{"line":9,"column":12},"end":{"line":9,"column":62}},"5":{"start":{"line":11,"column":8},"end":{"line":11,"column":56}}},"fnMap":{"0":{"name":"(anonymous_0)","decl":{"start":{"line":5,"column":4},"end":{"line":5,"column":5}},"loc":{"start":{"line":5,"column":28},"end":{"line":12,"column":5}},"line":5}},"branchMap":{"0":{"loc":{"start":{"line":8,"column":8},"end":{"line":10,"column":9}},"type":"if","locations":[{"start":{"line":8,"column":8},"end":{"line":10,"column":9}},{"start":{},"end":{}}],"line":8}},"s":{"0":4,"1":3,"2":3,"3":3,"4":0,"5":3},"f":{"0":3},"b":{"0":[0,3]},"_coverageSchema":"1a1c01bbd47fc00a2c39e90264f33305004495a9","hash":"4f449c820e310db71297162db4d166020fe3de82"}
,"D:\\Denilson\\Cursos\\FrontEnd\\Projects\\d-p-telegrafo\\src\\infrastructure\\redux\\features\\chats\\index.js": {"path":"D:\\Denilson\\Cursos\\FrontEnd\\Projects\\d-p-telegrafo\\src\\infrastructure\\redux\\features\\chats\\index.js","statementMap":{"0":{"start":{"line":5,"column":21},"end":{"line":8,"column":1}},"1":{"start":{"line":10,"column":25},"end":{"line":17,"column":2}},"2":{"start":{"line":20,"column":27},"end":{"line":20,"column":44}}},"fnMap":{},"branchMap":{},"s":{"0":4,"1":4,"2":4},"f":{},"b":{},"_coverageSchema":"1a1c01bbd47fc00a2c39e90264f33305004495a9","hash":"038b6bb2b475deb760640888e7ba3065c1844f04"}
,"D:\\Denilson\\Cursos\\FrontEnd\\Projects\\d-p-telegrafo\\src\\infrastructure\\redux\\features\\chats\\reducer.js": {"path":"D:\\Denilson\\Cursos\\FrontEnd\\Projects\\d-p-telegrafo\\src\\infrastructure\\redux\\features\\chats\\reducer.js","statementMap":{"0":{"start":{"line":1,"column":25},"end":{"line":15,"column":1}},"1":{"start":{"line":2,"column":2},"end":{"line":14,"column":4}},"2":{"start":{"line":4,"column":6},"end":{"line":4,"column":27}},"3":{"start":{"line":7,"column":6},"end":{"line":7,"column":35}},"4":{"start":{"line":8,"column":6},"end":{"line":8,"column":28}},"5":{"start":{"line":11,"column":6},"end":{"line":11,"column":35}},"6":{"start":{"line":12,"column":6},"end":{"line":12,"column":28}}},"fnMap":{"0":{"name":"(anonymous_0)","decl":{"start":{"line":1,"column":25},"end":{"line":1,"column":26}},"loc":{"start":{"line":1,"column":39},"end":{"line":15,"column":1}},"line":1},"1":{"name":"(anonymous_1)","decl":{"start":{"line":3,"column":24},"end":{"line":3,"column":25}},"loc":{"start":{"line":3,"column":35},"end":{"line":5,"column":5}},"line":3},"2":{"name":"(anonymous_2)","decl":{"start":{"line":6,"column":26},"end":{"line":6,"column":27}},"loc":{"start":{"line":6,"column":45},"end":{"line":9,"column":5}},"line":6},"3":{"name":"(anonymous_3)","decl":{"start":{"line":10,"column":25},"end":{"line":10,"column":26}},"loc":{"start":{"line":10,"column":44},"end":{"line":13,"column":5}},"line":10}},"branchMap":{},"s":{"0":4,"1":4,"2":3,"3":2,"4":2,"5":1,"6":1},"f":{"0":4,"1":3,"2":2,"3":1},"b":{},"_coverageSchema":"1a1c01bbd47fc00a2c39e90264f33305004495a9","hash":"f22a7b9c50e5da502504de728e2d4c7d48f8ddea"}
,"D:\\Denilson\\Cursos\\FrontEnd\\Projects\\d-p-telegrafo\\src\\infrastructure\\redux\\features\\contact\\actions.js": {"path":"D:\\Denilson\\Cursos\\FrontEnd\\Projects\\d-p-telegrafo\\src\\infrastructure\\redux\\features\\contact\\actions.js","statementMap":{"0":{"start":{"line":3,"column":26},"end":{"line":15,"column":1}},"1":{"start":{"line":8,"column":8},"end":{"line":8,"column":16}},"2":{"start":{"line":9,"column":21},"end":{"line":9,"column":72}},"3":{"start":{"line":10,"column":4},"end":{"line":12,"column":5}},"4":{"start":{"line":11,"column":6},"end":{"line":11,"column":56}},"5":{"start":{"line":13,"column":4},"end":{"line":13,"column":52}},"6":{"start":{"line":17,"column":29},"end":{"line":29,"column":1}},"7":{"start":{"line":22,"column":8},"end":{"line":22,"column":16}},"8":{"start":{"line":23,"column":21},"end":{"line":23,"column":78}},"9":{"start":{"line":24,"column":4},"end":{"line":26,"column":5}},"10":{"start":{"line":25,"column":6},"end":{"line":25,"column":56}},"11":{"start":{"line":27,"column":4},"end":{"line":27,"column":47}},"12":{"start":{"line":31,"column":29},"end":{"line":33,"column":1}},"13":{"start":{"line":32,"column":2},"end":{"line":32,"column":37}}},"fnMap":{"0":{"name":"(anonymous_0)","decl":{"start":{"line":5,"column":2},"end":{"line":5,"column":3}},"loc":{"start":{"line":5,"column":29},"end":{"line":14,"column":3}},"line":5},"1":{"name":"(anonymous_1)","decl":{"start":{"line":19,"column":2},"end":{"line":19,"column":3}},"loc":{"start":{"line":19,"column":35},"end":{"line":28,"column":3}},"line":19},"2":{"name":"(anonymous_2)","decl":{"start":{"line":31,"column":29},"end":{"line":31,"column":30}},"loc":{"start":{"line":31,"column":40},"end":{"line":33,"column":1}},"line":31}},"branchMap":{"0":{"loc":{"start":{"line":10,"column":4},"end":{"line":12,"column":5}},"type":"if","locations":[{"start":{"line":10,"column":4},"end":{"line":12,"column":5}},{"start":{},"end":{}}],"line":10},"1":{"loc":{"start":{"line":24,"column":4},"end":{"line":26,"column":5}},"type":"if","locations":[{"start":{"line":24,"column":4},"end":{"line":26,"column":5}},{"start":{},"end":{}}],"line":24}},"s":{"0":4,"1":3,"2":3,"3":3,"4":0,"5":3,"6":4,"7":0,"8":0,"9":0,"10":0,"11":0,"12":4,"13":0},"f":{"0":3,"1":0,"2":0},"b":{"0":[0,3],"1":[0,0]},"_coverageSchema":"1a1c01bbd47fc00a2c39e90264f33305004495a9","hash":"9b1903984406e8b8cda8015afbf0bbcec362cdb6"}
,"D:\\Denilson\\Cursos\\FrontEnd\\Projects\\d-p-telegrafo\\src\\infrastructure\\redux\\features\\contact\\index.js": {"path":"D:\\Denilson\\Cursos\\FrontEnd\\Projects\\d-p-telegrafo\\src\\infrastructure\\redux\\features\\contact\\index.js","statementMap":{"0":{"start":{"line":5,"column":21},"end":{"line":8,"column":1}},"1":{"start":{"line":10,"column":28},"end":{"line":18,"column":2}},"2":{"start":{"line":22,"column":30},"end":{"line":22,"column":50}}},"fnMap":{},"branchMap":{},"s":{"0":4,"1":4,"2":4},"f":{},"b":{},"_coverageSchema":"1a1c01bbd47fc00a2c39e90264f33305004495a9","hash":"a66a882d5e4223700dea45bd23a37de47740e59f"}
,"D:\\Denilson\\Cursos\\FrontEnd\\Projects\\d-p-telegrafo\\src\\infrastructure\\redux\\features\\contact\\reducer.js": {"path":"D:\\Denilson\\Cursos\\FrontEnd\\Projects\\d-p-telegrafo\\src\\infrastructure\\redux\\features\\contact\\reducer.js","statementMap":{"0":{"start":{"line":1,"column":33},"end":{"line":15,"column":1}},"1":{"start":{"line":2,"column":2},"end":{"line":14,"column":4}},"2":{"start":{"line":4,"column":6},"end":{"line":4,"column":27}},"3":{"start":{"line":7,"column":6},"end":{"line":7,"column":38}},"4":{"start":{"line":8,"column":6},"end":{"line":8,"column":28}},"5":{"start":{"line":11,"column":6},"end":{"line":11,"column":35}},"6":{"start":{"line":12,"column":6},"end":{"line":12,"column":28}},"7":{"start":{"line":17,"column":36},"end":{"line":36,"column":1}},"8":{"start":{"line":18,"column":2},"end":{"line":35,"column":4}},"9":{"start":{"line":20,"column":6},"end":{"line":20,"column":27}},"10":{"start":{"line":25,"column":10},"end":{"line":25,"column":16}},"11":{"start":{"line":26,"column":6},"end":{"line":26,"column":52}},"12":{"start":{"line":26,"column":26},"end":{"line":26,"column":52}},"13":{"start":{"line":27,"column":6},"end":{"line":27,"column":65}},"14":{"start":{"line":27,"column":26},"end":{"line":27,"column":65}},"15":{"start":{"line":28,"column":6},"end":{"line":28,"column":55}},"16":{"start":{"line":28,"column":26},"end":{"line":28,"column":55}},"17":{"start":{"line":29,"column":6},"end":{"line":29,"column":28}},"18":{"start":{"line":32,"column":6},"end":{"line":32,"column":35}},"19":{"start":{"line":33,"column":6},"end":{"line":33,"column":28}}},"fnMap":{"0":{"name":"(anonymous_0)","decl":{"start":{"line":1,"column":33},"end":{"line":1,"column":34}},"loc":{"start":{"line":1,"column":49},"end":{"line":15,"column":1}},"line":1},"1":{"name":"(anonymous_1)","decl":{"start":{"line":3,"column":26},"end":{"line":3,"column":27}},"loc":{"start":{"line":3,"column":37},"end":{"line":5,"column":5}},"line":3},"2":{"name":"(anonymous_2)","decl":{"start":{"line":6,"column":28},"end":{"line":6,"column":29}},"loc":{"start":{"line":6,"column":47},"end":{"line":9,"column":5}},"line":6},"3":{"name":"(anonymous_3)","decl":{"start":{"line":10,"column":27},"end":{"line":10,"column":28}},"loc":{"start":{"line":10,"column":46},"end":{"line":13,"column":5}},"line":10},"4":{"name":"(anonymous_4)","decl":{"start":{"line":17,"column":36},"end":{"line":17,"column":37}},"loc":{"start":{"line":17,"column":55},"end":{"line":36,"column":1}},"line":17},"5":{"name":"(anonymous_5)","decl":{"start":{"line":19,"column":29},"end":{"line":19,"column":30}},"loc":{"start":{"line":19,"column":40},"end":{"line":21,"column":5}},"line":19},"6":{"name":"(anonymous_6)","decl":{"start":{"line":22,"column":31},"end":{"line":22,"column":32}},"loc":{"start":{"line":22,"column":50},"end":{"line":30,"column":5}},"line":22},"7":{"name":"(anonymous_7)","decl":{"start":{"line":31,"column":30},"end":{"line":31,"column":31}},"loc":{"start":{"line":31,"column":49},"end":{"line":34,"column":5}},"line":31}},"branchMap":{"0":{"loc":{"start":{"line":26,"column":6},"end":{"line":26,"column":52}},"type":"if","locations":[{"start":{"line":26,"column":6},"end":{"line":26,"column":52}},{"start":{},"end":{}}],"line":26},"1":{"loc":{"start":{"line":27,"column":6},"end":{"line":27,"column":65}},"type":"if","locations":[{"start":{"line":27,"column":6},"end":{"line":27,"column":65}},{"start":{},"end":{}}],"line":27},"2":{"loc":{"start":{"line":28,"column":6},"end":{"line":28,"column":55}},"type":"if","locations":[{"start":{"line":28,"column":6},"end":{"line":28,"column":55}},{"start":{},"end":{}}],"line":28}},"s":{"0":4,"1":4,"2":3,"3":2,"4":2,"5":1,"6":1,"7":4,"8":4,"9":0,"10":0,"11":0,"12":0,"13":0,"14":0,"15":0,"16":0,"17":0,"18":0,"19":0},"f":{"0":4,"1":3,"2":2,"3":1,"4":4,"5":0,"6":0,"7":0},"b":{"0":[0,0],"1":[0,0],"2":[0,0]},"_coverageSchema":"1a1c01bbd47fc00a2c39e90264f33305004495a9","hash":"7cc03be48f3012793a0f471aa902b3f2281ab889"}
,"D:\\Denilson\\Cursos\\FrontEnd\\Projects\\d-p-telegrafo\\src\\infrastructure\\redux\\store\\index.js": {"path":"D:\\Denilson\\Cursos\\FrontEnd\\Projects\\d-p-telegrafo\\src\\infrastructure\\redux\\store\\index.js","statementMap":{"0":{"start":{"line":6,"column":14},"end":{"line":17,"column":2}},"1":{"start":{"line":12,"column":4},"end":{"line":16,"column":6}}},"fnMap":{"0":{"name":"(anonymous_0)","decl":{"start":{"line":11,"column":14},"end":{"line":11,"column":15}},"loc":{"start":{"line":12,"column":4},"end":{"line":16,"column":6}},"line":12}},"branchMap":{},"s":{"0":4,"1":4},"f":{"0":4},"b":{},"_coverageSchema":"1a1c01bbd47fc00a2c39e90264f33305004495a9","hash":"b1c267ffef4930bed7e388daa383844e50cd7930"}
,"D:\\Denilson\\Cursos\\FrontEnd\\Projects\\d-p-telegrafo\\src\\infrastructure\\ui\\atoms\\colorPreference\\color-preference.style.js": {"path":"D:\\Denilson\\Cursos\\FrontEnd\\Projects\\d-p-telegrafo\\src\\infrastructure\\ui\\atoms\\colorPreference\\color-preference.style.js","statementMap":{"0":{"start":{"line":3,"column":15},"end":{"line":21,"column":1}}},"fnMap":{},"branchMap":{},"s":{"0":3},"f":{},"b":{},"_coverageSchema":"1a1c01bbd47fc00a2c39e90264f33305004495a9","hash":"e8efa1d294d82c9c7619c43dedee86541be6bf71"}
,"D:\\Denilson\\Cursos\\FrontEnd\\Projects\\d-p-telegrafo\\src\\infrastructure\\ui\\atoms\\colorPreference\\index.jsx": {"path":"D:\\Denilson\\Cursos\\FrontEnd\\Projects\\d-p-telegrafo\\src\\infrastructure\\ui\\atoms\\colorPreference\\index.jsx","statementMap":{"0":{"start":{"line":5,"column":19},"end":{"line":12,"column":1}},"1":{"start":{"line":6,"column":2},"end":{"line":11,"column":4}},"2":{"start":{"line":14,"column":0},"end":{"line":17,"column":2}},"3":{"start":{"line":19,"column":0},"end":{"line":22,"column":2}}},"fnMap":{"0":{"name":"(anonymous_0)","decl":{"start":{"line":5,"column":19},"end":{"line":5,"column":20}},"loc":{"start":{"line":5,"column":38},"end":{"line":12,"column":1}},"line":5}},"branchMap":{},"s":{"0":3,"1":5,"2":3,"3":3},"f":{"0":5},"b":{},"_coverageSchema":"1a1c01bbd47fc00a2c39e90264f33305004495a9","hash":"3963a83f496d520941b0d570da080eb9595c6c39"}
,"D:\\Denilson\\Cursos\\FrontEnd\\Projects\\d-p-telegrafo\\src\\infrastructure\\ui\\atoms\\messageAlert\\index.jsx": {"path":"D:\\Denilson\\Cursos\\FrontEnd\\Projects\\d-p-telegrafo\\src\\infrastructure\\ui\\atoms\\messageAlert\\index.jsx","statementMap":{"0":{"start":{"line":5,"column":21},"end":{"line":11,"column":1}},"1":{"start":{"line":6,"column":2},"end":{"line":10,"column":4}},"2":{"start":{"line":13,"column":0},"end":{"line":15,"column":2}},"3":{"start":{"line":17,"column":0},"end":{"line":19,"column":2}}},"fnMap":{"0":{"name":"(anonymous_0)","decl":{"start":{"line":5,"column":21},"end":{"line":5,"column":22}},"loc":{"start":{"line":5,"column":38},"end":{"line":11,"column":1}},"line":5}},"branchMap":{},"s":{"0":6,"1":6,"2":6,"3":6},"f":{"0":6},"b":{},"_coverageSchema":"1a1c01bbd47fc00a2c39e90264f33305004495a9","hash":"5b4ef97f4be3ec2ad710169202fbbcf7b046dc16"}
,"D:\\Denilson\\Cursos\\FrontEnd\\Projects\\d-p-telegrafo\\src\\infrastructure\\ui\\atoms\\messageAlert\\message-alert.style.js": {"path":"D:\\Denilson\\Cursos\\FrontEnd\\Projects\\d-p-telegrafo\\src\\infrastructure\\ui\\atoms\\messageAlert\\message-alert.style.js","statementMap":{"0":{"start":{"line":3,"column":20},"end":{"line":11,"column":1}}},"fnMap":{},"branchMap":{},"s":{"0":6},"f":{},"b":{},"_coverageSchema":"1a1c01bbd47fc00a2c39e90264f33305004495a9","hash":"6631829d54d75d02be244b786a5c13113d227381"}
,"D:\\Denilson\\Cursos\\FrontEnd\\Projects\\d-p-telegrafo\\src\\infrastructure\\ui\\atoms\\messageStatus\\index.jsx": {"path":"D:\\Denilson\\Cursos\\FrontEnd\\Projects\\d-p-telegrafo\\src\\infrastructure\\ui\\atoms\\messageStatus\\index.jsx","statementMap":{"0":{"start":{"line":7,"column":22},"end":{"line":17,"column":1}},"1":{"start":{"line":8,"column":15},"end":{"line":8,"column":68}},"2":{"start":{"line":8,"column":30},"end":{"line":8,"column":46}},"3":{"start":{"line":9,"column":2},"end":{"line":16,"column":4}},"4":{"start":{"line":19,"column":0},"end":{"line":21,"column":2}},"5":{"start":{"line":23,"column":0},"end":{"line":25,"column":2}}},"fnMap":{"0":{"name":"(anonymous_0)","decl":{"start":{"line":7,"column":22},"end":{"line":7,"column":23}},"loc":{"start":{"line":7,"column":36},"end":{"line":17,"column":1}},"line":7},"1":{"name":"(anonymous_1)","decl":{"start":{"line":8,"column":23},"end":{"line":8,"column":24}},"loc":{"start":{"line":8,"column":30},"end":{"line":8,"column":46}},"line":8}},"branchMap":{},"s":{"0":8,"1":10,"2":10,"3":10,"4":8,"5":8},"f":{"0":10,"1":10},"b":{},"_coverageSchema":"1a1c01bbd47fc00a2c39e90264f33305004495a9","hash":"afc2ebcca910b727ec19b83ec8c97049cecf8f78"}
,"D:\\Denilson\\Cursos\\FrontEnd\\Projects\\d-p-telegrafo\\src\\infrastructure\\ui\\atoms\\messageStatus\\message-status.style.js": {"path":"D:\\Denilson\\Cursos\\FrontEnd\\Projects\\d-p-telegrafo\\src\\infrastructure\\ui\\atoms\\messageStatus\\message-status.style.js","statementMap":{"0":{"start":{"line":3,"column":22},"end":{"line":7,"column":1}},"1":{"start":{"line":9,"column":20},"end":{"line":13,"column":1}}},"fnMap":{},"branchMap":{},"s":{"0":8,"1":8},"f":{},"b":{},"_coverageSchema":"1a1c01bbd47fc00a2c39e90264f33305004495a9","hash":"30aae3382d3e43eb015dec8277c946fa3cd35186"}
,"D:\\Denilson\\Cursos\\FrontEnd\\Projects\\d-p-telegrafo\\src\\infrastructure\\ui\\atoms\\modal\\index.jsx": {"path":"D:\\Denilson\\Cursos\\FrontEnd\\Projects\\d-p-telegrafo\\src\\infrastructure\\ui\\atoms\\modal\\index.jsx","statementMap":{"0":{"start":{"line":6,"column":14},"end":{"line":13,"column":1}},"1":{"start":{"line":7,"column":2},"end":{"line":12,"column":4}},"2":{"start":{"line":15,"column":0},"end":{"line":17,"column":2}},"3":{"start":{"line":19,"column":0},"end":{"line":21,"column":2}}},"fnMap":{"0":{"name":"(anonymous_0)","decl":{"start":{"line":6,"column":14},"end":{"line":6,"column":15}},"loc":{"start":{"line":6,"column":32},"end":{"line":13,"column":1}},"line":6}},"branchMap":{},"s":{"0":3,"1":18,"2":3,"3":3},"f":{"0":18},"b":{},"_coverageSchema":"1a1c01bbd47fc00a2c39e90264f33305004495a9","hash":"e23413202e089eaf9308e7768d7bb51d19f09eb9"}
,"D:\\Denilson\\Cursos\\FrontEnd\\Projects\\d-p-telegrafo\\src\\infrastructure\\ui\\atoms\\modal\\modal.style.js": {"path":"D:\\Denilson\\Cursos\\FrontEnd\\Projects\\d-p-telegrafo\\src\\infrastructure\\ui\\atoms\\modal\\modal.style.js","statementMap":{"0":{"start":{"line":3,"column":15},"end":{"line":8,"column":1}}},"fnMap":{},"branchMap":{},"s":{"0":3},"f":{},"b":{},"_coverageSchema":"1a1c01bbd47fc00a2c39e90264f33305004495a9","hash":"2d691b882e5e544ccda5622e071e0cc1c38b2809"}
,"D:\\Denilson\\Cursos\\FrontEnd\\Projects\\d-p-telegrafo\\src\\infrastructure\\ui\\atoms\\navItem\\index.jsx": {"path":"D:\\Denilson\\Cursos\\FrontEnd\\Projects\\d-p-telegrafo\\src\\infrastructure\\ui\\atoms\\navItem\\index.jsx","statementMap":{"0":{"start":{"line":5,"column":16},"end":{"line":13,"column":1}},"1":{"start":{"line":6,"column":2},"end":{"line":12,"column":4}},"2":{"start":{"line":15,"column":0},"end":{"line":19,"column":2}},"3":{"start":{"line":21,"column":0},"end":{"line":25,"column":2}}},"fnMap":{"0":{"name":"(anonymous_0)","decl":{"start":{"line":5,"column":16},"end":{"line":5,"column":17}},"loc":{"start":{"line":5,"column":48},"end":{"line":13,"column":1}},"line":5}},"branchMap":{"0":{"loc":{"start":{"line":8,"column":31},"end":{"line":8,"column":59}},"type":"cond-expr","locations":[{"start":{"line":8,"column":42},"end":{"line":8,"column":54}},{"start":{"line":8,"column":57},"end":{"line":8,"column":59}}],"line":8}},"s":{"0":7,"1":140,"2":7,"3":7},"f":{"0":140},"b":{"0":[37,103]},"_coverageSchema":"1a1c01bbd47fc00a2c39e90264f33305004495a9","hash":"6587c882bb54aff393655683d5c574acdf713178"}
,"D:\\Denilson\\Cursos\\FrontEnd\\Projects\\d-p-telegrafo\\src\\infrastructure\\ui\\atoms\\navItem\\nav-item.style.js": {"path":"D:\\Denilson\\Cursos\\FrontEnd\\Projects\\d-p-telegrafo\\src\\infrastructure\\ui\\atoms\\navItem\\nav-item.style.js","statementMap":{"0":{"start":{"line":4,"column":22},"end":{"line":12,"column":1}},"1":{"start":{"line":14,"column":25},"end":{"line":24,"column":1}}},"fnMap":{},"branchMap":{},"s":{"0":7,"1":7},"f":{},"b":{},"_coverageSchema":"1a1c01bbd47fc00a2c39e90264f33305004495a9","hash":"e7c2d9af1494f467f06628a18e079d1d2c8fd735"}
,"D:\\Denilson\\Cursos\\FrontEnd\\Projects\\d-p-telegrafo\\src\\infrastructure\\ui\\atoms\\profileImage\\index.jsx": {"path":"D:\\Denilson\\Cursos\\FrontEnd\\Projects\\d-p-telegrafo\\src\\infrastructure\\ui\\atoms\\profileImage\\index.jsx","statementMap":{"0":{"start":{"line":5,"column":16},"end":{"line":11,"column":1}},"1":{"start":{"line":6,"column":2},"end":{"line":10,"column":4}},"2":{"start":{"line":13,"column":0},"end":{"line":17,"column":2}},"3":{"start":{"line":19,"column":0},"end":{"line":23,"column":2}}},"fnMap":{"0":{"name":"(anonymous_0)","decl":{"start":{"line":5,"column":16},"end":{"line":5,"column":17}},"loc":{"start":{"line":5,"column":46},"end":{"line":11,"column":1}},"line":5}},"branchMap":{},"s":{"0":8,"1":25,"2":8,"3":8},"f":{"0":25},"b":{},"_coverageSchema":"1a1c01bbd47fc00a2c39e90264f33305004495a9","hash":"829ec56054fac510dcf752884dda227efe548204"}
,"D:\\Denilson\\Cursos\\FrontEnd\\Projects\\d-p-telegrafo\\src\\infrastructure\\ui\\atoms\\profileImage\\profile-image.style.js": {"path":"D:\\Denilson\\Cursos\\FrontEnd\\Projects\\d-p-telegrafo\\src\\infrastructure\\ui\\atoms\\profileImage\\profile-image.style.js","statementMap":{"0":{"start":{"line":3,"column":22},"end":{"line":15,"column":1}},"1":{"start":{"line":17,"column":21},"end":{"line":21,"column":1}}},"fnMap":{},"branchMap":{},"s":{"0":8,"1":8},"f":{},"b":{},"_coverageSchema":"1a1c01bbd47fc00a2c39e90264f33305004495a9","hash":"ff75258cc456f93fc63463b34f7c338410575ea8"}
,"D:\\Denilson\\Cursos\\FrontEnd\\Projects\\d-p-telegrafo\\src\\infrastructure\\ui\\atoms\\profileParagraph\\index.jsx": {"path":"D:\\Denilson\\Cursos\\FrontEnd\\Projects\\d-p-telegrafo\\src\\infrastructure\\ui\\atoms\\profileParagraph\\index.jsx","statementMap":{"0":{"start":{"line":5,"column":25},"end":{"line":7,"column":1}},"1":{"start":{"line":6,"column":2},"end":{"line":6,"column":57}},"2":{"start":{"line":9,"column":0},"end":{"line":12,"column":2}},"3":{"start":{"line":14,"column":0},"end":{"line":17,"column":2}}},"fnMap":{"0":{"name":"(anonymous_0)","decl":{"start":{"line":5,"column":25},"end":{"line":5,"column":26}},"loc":{"start":{"line":6,"column":2},"end":{"line":6,"column":57}},"line":6}},"branchMap":{},"s":{"0":7,"1":21,"2":7,"3":7},"f":{"0":21},"b":{},"_coverageSchema":"1a1c01bbd47fc00a2c39e90264f33305004495a9","hash":"416e7d38e73acd6537ceabc7c162a3f97c784c81"}
,"D:\\Denilson\\Cursos\\FrontEnd\\Projects\\d-p-telegrafo\\src\\infrastructure\\ui\\atoms\\profileParagraph\\profile-paragraph.style.js": {"path":"D:\\Denilson\\Cursos\\FrontEnd\\Projects\\d-p-telegrafo\\src\\infrastructure\\ui\\atoms\\profileParagraph\\profile-paragraph.style.js","statementMap":{"0":{"start":{"line":3,"column":18},"end":{"line":20,"column":1}}},"fnMap":{},"branchMap":{},"s":{"0":7},"f":{},"b":{},"_coverageSchema":"1a1c01bbd47fc00a2c39e90264f33305004495a9","hash":"1e3e0aa6a0762dd9ae6a1b3e69f32312fc35ee4a"}
,"D:\\Denilson\\Cursos\\FrontEnd\\Projects\\d-p-telegrafo\\src\\infrastructure\\ui\\atoms\\profileTitle\\index.jsx": {"path":"D:\\Denilson\\Cursos\\FrontEnd\\Projects\\d-p-telegrafo\\src\\infrastructure\\ui\\atoms\\profileTitle\\index.jsx","statementMap":{"0":{"start":{"line":5,"column":21},"end":{"line":7,"column":1}},"1":{"start":{"line":6,"column":2},"end":{"line":6,"column":49}},"2":{"start":{"line":9,"column":0},"end":{"line":12,"column":2}},"3":{"start":{"line":14,"column":0},"end":{"line":17,"column":2}}},"fnMap":{"0":{"name":"(anonymous_0)","decl":{"start":{"line":5,"column":21},"end":{"line":5,"column":22}},"loc":{"start":{"line":6,"column":2},"end":{"line":6,"column":49}},"line":6}},"branchMap":{},"s":{"0":8,"1":27,"2":8,"3":8},"f":{"0":27},"b":{},"_coverageSchema":"1a1c01bbd47fc00a2c39e90264f33305004495a9","hash":"7ce937a46c7b8f9a6bc5131c7f4f63a7aa48fa26"}
,"D:\\Denilson\\Cursos\\FrontEnd\\Projects\\d-p-telegrafo\\src\\infrastructure\\ui\\atoms\\profileTitle\\profile-title.style.js": {"path":"D:\\Denilson\\Cursos\\FrontEnd\\Projects\\d-p-telegrafo\\src\\infrastructure\\ui\\atoms\\profileTitle\\profile-title.style.js","statementMap":{"0":{"start":{"line":3,"column":14},"end":{"line":18,"column":1}}},"fnMap":{},"branchMap":{},"s":{"0":8},"f":{},"b":{},"_coverageSchema":"1a1c01bbd47fc00a2c39e90264f33305004495a9","hash":"49bd94cfaca6864a22bee8617553dd6c32cd63b6"}
,"D:\\Denilson\\Cursos\\FrontEnd\\Projects\\d-p-telegrafo\\src\\infrastructure\\ui\\atoms\\search\\index.jsx": {"path":"D:\\Denilson\\Cursos\\FrontEnd\\Projects\\d-p-telegrafo\\src\\infrastructure\\ui\\atoms\\search\\index.jsx","statementMap":{"0":{"start":{"line":6,"column":15},"end":{"line":18,"column":1}},"1":{"start":{"line":7,"column":2},"end":{"line":17,"column":4}},"2":{"start":{"line":20,"column":0},"end":{"line":22,"column":2}},"3":{"start":{"line":24,"column":0},"end":{"line":26,"column":2}}},"fnMap":{"0":{"name":"(anonymous_0)","decl":{"start":{"line":6,"column":15},"end":{"line":6,"column":16}},"loc":{"start":{"line":6,"column":33},"end":{"line":18,"column":1}},"line":6},"1":{"name":"(anonymous_1)","decl":{"start":{"line":25,"column":12},"end":{"line":25,"column":13}},"loc":{"start":{"line":25,"column":18},"end":{"line":25,"column":20}},"line":25}},"branchMap":{},"s":{"0":4,"1":30,"2":4,"3":4},"f":{"0":30,"1":0},"b":{},"_coverageSchema":"1a1c01bbd47fc00a2c39e90264f33305004495a9","hash":"1eb38faae98e0bda00c7e71a30b38b1f80d9e8fa"}
,"D:\\Denilson\\Cursos\\FrontEnd\\Projects\\d-p-telegrafo\\src\\infrastructure\\ui\\atoms\\search\\search.style.js": {"path":"D:\\Denilson\\Cursos\\FrontEnd\\Projects\\d-p-telegrafo\\src\\infrastructure\\ui\\atoms\\search\\search.style.js","statementMap":{"0":{"start":{"line":3,"column":26},"end":{"line":11,"column":1}},"1":{"start":{"line":13,"column":26},"end":{"line":20,"column":1}}},"fnMap":{},"branchMap":{},"s":{"0":4,"1":4},"f":{},"b":{},"_coverageSchema":"1a1c01bbd47fc00a2c39e90264f33305004495a9","hash":"8d8339c375c66062a3c489ae27330b3d2bc41c3d"}
,"D:\\Denilson\\Cursos\\FrontEnd\\Projects\\d-p-telegrafo\\src\\infrastructure\\ui\\atoms\\tag\\index.jsx": {"path":"D:\\Denilson\\Cursos\\FrontEnd\\Projects\\d-p-telegrafo\\src\\infrastructure\\ui\\atoms\\tag\\index.jsx","statementMap":{"0":{"start":{"line":5,"column":12},"end":{"line":7,"column":1}},"1":{"start":{"line":6,"column":2},"end":{"line":6,"column":34}},"2":{"start":{"line":9,"column":0},"end":{"line":11,"column":2}},"3":{"start":{"line":13,"column":0},"end":{"line":15,"column":2}}},"fnMap":{"0":{"name":"(anonymous_0)","decl":{"start":{"line":5,"column":12},"end":{"line":5,"column":13}},"loc":{"start":{"line":5,"column":25},"end":{"line":7,"column":1}},"line":5}},"branchMap":{},"s":{"0":2,"1":2,"2":2,"3":2},"f":{"0":2},"b":{},"_coverageSchema":"1a1c01bbd47fc00a2c39e90264f33305004495a9","hash":"9788ac328e9074720e47fe083461dcbf67741823"}
,"D:\\Denilson\\Cursos\\FrontEnd\\Projects\\d-p-telegrafo\\src\\infrastructure\\ui\\atoms\\tag\\tag.style.js": {"path":"D:\\Denilson\\Cursos\\FrontEnd\\Projects\\d-p-telegrafo\\src\\infrastructure\\ui\\atoms\\tag\\tag.style.js","statementMap":{"0":{"start":{"line":3,"column":16},"end":{"line":12,"column":1}}},"fnMap":{},"branchMap":{},"s":{"0":2},"f":{},"b":{},"_coverageSchema":"1a1c01bbd47fc00a2c39e90264f33305004495a9","hash":"5e6c1e24141d5fb9ea149cf59887f876567b9e78"}
,"D:\\Denilson\\Cursos\\FrontEnd\\Projects\\d-p-telegrafo\\src\\infrastructure\\ui\\molecules\\addContact\\add-contact.style.js": {"path":"D:\\Denilson\\Cursos\\FrontEnd\\Projects\\d-p-telegrafo\\src\\infrastructure\\ui\\molecules\\addContact\\add-contact.style.js","statementMap":{"0":{"start":{"line":3,"column":28},"end":{"line":13,"column":1}},"1":{"start":{"line":15,"column":35},"end":{"line":26,"column":1}},"2":{"start":{"line":28,"column":26},"end":{"line":31,"column":1}},"3":{"start":{"line":33,"column":20},"end":{"line":36,"column":1}},"4":{"start":{"line":38,"column":21},"end":{"line":43,"column":1}},"5":{"start":{"line":45,"column":27},"end":{"line":48,"column":1}},"6":{"start":{"line":50,"column":22},"end":{"line":57,"column":1}}},"fnMap":{},"branchMap":{},"s":{"0":3,"1":3,"2":3,"3":3,"4":3,"5":3,"6":3},"f":{},"b":{},"_coverageSchema":"1a1c01bbd47fc00a2c39e90264f33305004495a9","hash":"8fff1cfda22ca1408a48530ecf364a3e1e643e32"}
,"D:\\Denilson\\Cursos\\FrontEnd\\Projects\\d-p-telegrafo\\src\\infrastructure\\ui\\molecules\\addContact\\index.jsx": {"path":"D:\\Denilson\\Cursos\\FrontEnd\\Projects\\d-p-telegrafo\\src\\infrastructure\\ui\\molecules\\addContact\\index.jsx","statementMap":{"0":{"start":{"line":16,"column":19},"end":{"line":75,"column":1}},"1":{"start":{"line":17,"column":19},"end":{"line":17,"column":32}},"2":{"start":{"line":19,"column":25},"end":{"line":23,"column":3}},"3":{"start":{"line":20,"column":4},"end":{"line":20,"column":28}},"4":{"start":{"line":21,"column":19},"end":{"line":21,"column":52}},"5":{"start":{"line":22,"column":4},"end":{"line":22,"column":67}},"6":{"start":{"line":22,"column":48},"end":{"line":22,"column":67}},"7":{"start":{"line":25,"column":20},"end":{"line":29,"column":3}},"8":{"start":{"line":26,"column":4},"end":{"line":26,"column":28}},"9":{"start":{"line":27,"column":19},"end":{"line":27,"column":52}},"10":{"start":{"line":28,"column":4},"end":{"line":28,"column":59}},"11":{"start":{"line":28,"column":44},"end":{"line":28,"column":59}},"12":{"start":{"line":31,"column":23},"end":{"line":43,"column":3}},"13":{"start":{"line":32,"column":4},"end":{"line":32,"column":27}},"14":{"start":{"line":33,"column":17},"end":{"line":33,"column":43}},"15":{"start":{"line":34,"column":17},"end":{"line":34,"column":33}},"16":{"start":{"line":35,"column":18},"end":{"line":35,"column":35}},"17":{"start":{"line":36,"column":4},"end":{"line":42,"column":6}},"18":{"start":{"line":45,"column":2},"end":{"line":74,"column":4}}},"fnMap":{"0":{"name":"(anonymous_0)","decl":{"start":{"line":16,"column":19},"end":{"line":16,"column":20}},"loc":{"start":{"line":16,"column":25},"end":{"line":75,"column":1}},"line":16},"1":{"name":"(anonymous_1)","decl":{"start":{"line":19,"column":25},"end":{"line":19,"column":26}},"loc":{"start":{"line":19,"column":36},"end":{"line":23,"column":3}},"line":19},"2":{"name":"(anonymous_2)","decl":{"start":{"line":25,"column":20},"end":{"line":25,"column":21}},"loc":{"start":{"line":25,"column":31},"end":{"line":29,"column":3}},"line":25},"3":{"name":"(anonymous_3)","decl":{"start":{"line":31,"column":23},"end":{"line":31,"column":24}},"loc":{"start":{"line":31,"column":34},"end":{"line":43,"column":3}},"line":31}},"branchMap":{"0":{"loc":{"start":{"line":22,"column":4},"end":{"line":22,"column":67}},"type":"if","locations":[{"start":{"line":22,"column":4},"end":{"line":22,"column":67}},{"start":{},"end":{}}],"line":22},"1":{"loc":{"start":{"line":28,"column":4},"end":{"line":28,"column":59}},"type":"if","locations":[{"start":{"line":28,"column":4},"end":{"line":28,"column":59}},{"start":{},"end":{}}],"line":28}},"s":{"0":3,"1":18,"2":18,"3":2,"4":2,"5":2,"6":2,"7":18,"8":1,"9":1,"10":1,"11":1,"12":18,"13":0,"14":0,"15":0,"16":0,"17":0,"18":18},"f":{"0":18,"1":2,"2":1,"3":0},"b":{"0":[2,0],"1":[1,0]},"_coverageSchema":"1a1c01bbd47fc00a2c39e90264f33305004495a9","hash":"bc9a2dd0a8fa4c1e08525250d74952e1fd5dae8c"}
,"D:\\Denilson\\Cursos\\FrontEnd\\Projects\\d-p-telegrafo\\src\\infrastructure\\ui\\molecules\\contact\\contact.style.js": {"path":"D:\\Denilson\\Cursos\\FrontEnd\\Projects\\d-p-telegrafo\\src\\infrastructure\\ui\\molecules\\contact\\contact.style.js","statementMap":{"0":{"start":{"line":3,"column":32},"end":{"line":14,"column":1}},"1":{"start":{"line":16,"column":30},"end":{"line":19,"column":1}},"2":{"start":{"line":21,"column":35},"end":{"line":25,"column":1}}},"fnMap":{},"branchMap":{},"s":{"0":5,"1":5,"2":5},"f":{},"b":{},"_coverageSchema":"1a1c01bbd47fc00a2c39e90264f33305004495a9","hash":"68f953219611157e65b69ad7a1665e1e3cce4935"}
,"D:\\Denilson\\Cursos\\FrontEnd\\Projects\\d-p-telegrafo\\src\\infrastructure\\ui\\molecules\\contact\\index.jsx": {"path":"D:\\Denilson\\Cursos\\FrontEnd\\Projects\\d-p-telegrafo\\src\\infrastructure\\ui\\molecules\\contact\\index.jsx","statementMap":{"0":{"start":{"line":14,"column":16},"end":{"line":34,"column":1}},"1":{"start":{"line":15,"column":2},"end":{"line":33,"column":4}},"2":{"start":{"line":36,"column":0},"end":{"line":42,"column":2}},"3":{"start":{"line":44,"column":0},"end":{"line":50,"column":2}}},"fnMap":{"0":{"name":"(anonymous_0)","decl":{"start":{"line":14,"column":16},"end":{"line":14,"column":17}},"loc":{"start":{"line":14,"column":74},"end":{"line":34,"column":1}},"line":14}},"branchMap":{"0":{"loc":{"start":{"line":26,"column":7},"end":{"line":31,"column":7}},"type":"binary-expr","locations":[{"start":{"line":26,"column":7},"end":{"line":26,"column":17}},{"start":{"line":27,"column":8},"end":{"line":30,"column":30}}],"line":26}},"s":{"0":5,"1":19,"2":5,"3":5},"f":{"0":19},"b":{"0":[19,4]},"_coverageSchema":"1a1c01bbd47fc00a2c39e90264f33305004495a9","hash":"3c4fe54235f76e3a29772af08fa3242c321b1c2f"}
,"D:\\Denilson\\Cursos\\FrontEnd\\Projects\\d-p-telegrafo\\src\\infrastructure\\ui\\molecules\\header\\header.style.js": {"path":"D:\\Denilson\\Cursos\\FrontEnd\\Projects\\d-p-telegrafo\\src\\infrastructure\\ui\\molecules\\header\\header.style.js","statementMap":{"0":{"start":{"line":3,"column":31},"end":{"line":10,"column":1}},"1":{"start":{"line":12,"column":27},"end":{"line":16,"column":1}},"2":{"start":{"line":18,"column":22},"end":{"line":24,"column":1}}},"fnMap":{},"branchMap":{},"s":{"0":1,"1":1,"2":1},"f":{},"b":{},"_coverageSchema":"1a1c01bbd47fc00a2c39e90264f33305004495a9","hash":"80e4bfcbfb0634a560edb309786e1032f99d7c82"}
,"D:\\Denilson\\Cursos\\FrontEnd\\Projects\\d-p-telegrafo\\src\\infrastructure\\ui\\molecules\\header\\index.jsx": {"path":"D:\\Denilson\\Cursos\\FrontEnd\\Projects\\d-p-telegrafo\\src\\infrastructure\\ui\\molecules\\header\\index.jsx","statementMap":{"0":{"start":{"line":8,"column":15},"end":{"line":23,"column":1}},"1":{"start":{"line":9,"column":2},"end":{"line":22,"column":4}}},"fnMap":{"0":{"name":"(anonymous_0)","decl":{"start":{"line":8,"column":15},"end":{"line":8,"column":16}},"loc":{"start":{"line":8,"column":21},"end":{"line":23,"column":1}},"line":8}},"branchMap":{},"s":{"0":1,"1":1},"f":{"0":1},"b":{},"_coverageSchema":"1a1c01bbd47fc00a2c39e90264f33305004495a9","hash":"508c8a43d406894c708c98e242f58c2e1e3f819c"}
,"D:\\Denilson\\Cursos\\FrontEnd\\Projects\\d-p-telegrafo\\src\\infrastructure\\ui\\molecules\\message\\index.jsx": {"path":"D:\\Denilson\\Cursos\\FrontEnd\\Projects\\d-p-telegrafo\\src\\infrastructure\\ui\\molecules\\message\\index.jsx","statementMap":{"0":{"start":{"line":8,"column":16},"end":{"line":21,"column":1}},"1":{"start":{"line":9,"column":2},"end":{"line":20,"column":4}},"2":{"start":{"line":23,"column":0},"end":{"line":27,"column":2}},"3":{"start":{"line":29,"column":0},"end":{"line":33,"column":2}}},"fnMap":{"0":{"name":"(anonymous_0)","decl":{"start":{"line":8,"column":16},"end":{"line":8,"column":17}},"loc":{"start":{"line":8,"column":46},"end":{"line":21,"column":1}},"line":8}},"branchMap":{},"s":{"0":2,"1":4,"2":2,"3":2},"f":{"0":4},"b":{},"_coverageSchema":"1a1c01bbd47fc00a2c39e90264f33305004495a9","hash":"c607f26b614d80956c62ce2951d18dab3a2dbd73"}
,"D:\\Denilson\\Cursos\\FrontEnd\\Projects\\d-p-telegrafo\\src\\infrastructure\\ui\\molecules\\message\\message.style.js": {"path":"D:\\Denilson\\Cursos\\FrontEnd\\Projects\\d-p-telegrafo\\src\\infrastructure\\ui\\molecules\\message\\message.style.js","statementMap":{"0":{"start":{"line":3,"column":32},"end":{"line":6,"column":1}},"1":{"start":{"line":8,"column":27},"end":{"line":12,"column":1}},"2":{"start":{"line":14,"column":23},"end":{"line":16,"column":1}}},"fnMap":{},"branchMap":{},"s":{"0":2,"1":2,"2":2},"f":{},"b":{},"_coverageSchema":"1a1c01bbd47fc00a2c39e90264f33305004495a9","hash":"f8e68cf1805c85e49a13e963486d6a265d01c04f"}
,"D:\\Denilson\\Cursos\\FrontEnd\\Projects\\d-p-telegrafo\\src\\infrastructure\\ui\\molecules\\messageBox\\index.jsx": {"path":"D:\\Denilson\\Cursos\\FrontEnd\\Projects\\d-p-telegrafo\\src\\infrastructure\\ui\\molecules\\messageBox\\index.jsx","statementMap":{"0":{"start":{"line":11,"column":19},"end":{"line":28,"column":1}},"1":{"start":{"line":12,"column":2},"end":{"line":27,"column":4}}},"fnMap":{"0":{"name":"(anonymous_0)","decl":{"start":{"line":11,"column":19},"end":{"line":11,"column":20}},"loc":{"start":{"line":11,"column":25},"end":{"line":28,"column":1}},"line":11}},"branchMap":{},"s":{"0":2,"1":3},"f":{"0":3},"b":{},"_coverageSchema":"1a1c01bbd47fc00a2c39e90264f33305004495a9","hash":"9cbf3e5453a51efe5cb25cea3c393a744258fc2a"}
,"D:\\Denilson\\Cursos\\FrontEnd\\Projects\\d-p-telegrafo\\src\\infrastructure\\ui\\molecules\\messageBox\\message-box.style.js": {"path":"D:\\Denilson\\Cursos\\FrontEnd\\Projects\\d-p-telegrafo\\src\\infrastructure\\ui\\molecules\\messageBox\\message-box.style.js","statementMap":{"0":{"start":{"line":3,"column":32},"end":{"line":9,"column":1}},"1":{"start":{"line":11,"column":22},"end":{"line":15,"column":1}},"2":{"start":{"line":17,"column":24},"end":{"line":22,"column":1}},"3":{"start":{"line":24,"column":29},"end":{"line":32,"column":1}}},"fnMap":{},"branchMap":{},"s":{"0":2,"1":2,"2":2,"3":2},"f":{},"b":{},"_coverageSchema":"1a1c01bbd47fc00a2c39e90264f33305004495a9","hash":"d3c6afd5cffa708241a97d5698567d75cecba984"}
,"D:\\Denilson\\Cursos\\FrontEnd\\Projects\\d-p-telegrafo\\src\\infrastructure\\ui\\molecules\\navigator\\index.jsx": {"path":"D:\\Denilson\\Cursos\\FrontEnd\\Projects\\d-p-telegrafo\\src\\infrastructure\\ui\\molecules\\navigator\\index.jsx","statementMap":{"0":{"start":{"line":12,"column":18},"end":{"line":39,"column":1}},"1":{"start":{"line":13,"column":2},"end":{"line":38,"column":4}},"2":{"start":{"line":41,"column":0},"end":{"line":43,"column":2}},"3":{"start":{"line":45,"column":0},"end":{"line":47,"column":2}}},"fnMap":{"0":{"name":"(anonymous_0)","decl":{"start":{"line":12,"column":18},"end":{"line":12,"column":19}},"loc":{"start":{"line":12,"column":32},"end":{"line":39,"column":1}},"line":12}},"branchMap":{},"s":{"0":6,"1":34,"2":6,"3":6},"f":{"0":34},"b":{},"_coverageSchema":"1a1c01bbd47fc00a2c39e90264f33305004495a9","hash":"1569a9b5499e229d4a8fca72969b95a61cbbe302"}
,"D:\\Denilson\\Cursos\\FrontEnd\\Projects\\d-p-telegrafo\\src\\infrastructure\\ui\\molecules\\navigator\\navigator.style.js": {"path":"D:\\Denilson\\Cursos\\FrontEnd\\Projects\\d-p-telegrafo\\src\\infrastructure\\ui\\molecules\\navigator\\navigator.style.js","statementMap":{"0":{"start":{"line":3,"column":12},"end":{"line":21,"column":1}}},"fnMap":{},"branchMap":{},"s":{"0":6},"f":{},"b":{},"_coverageSchema":"1a1c01bbd47fc00a2c39e90264f33305004495a9","hash":"e1edec243e656361e6d96ad3e3f8eca5aa683d2a"}
,"D:\\Denilson\\Cursos\\FrontEnd\\Projects\\d-p-telegrafo\\src\\infrastructure\\ui\\molecules\\searchContainer\\index.jsx": {"path":"D:\\Denilson\\Cursos\\FrontEnd\\Projects\\d-p-telegrafo\\src\\infrastructure\\ui\\molecules\\searchContainer\\index.jsx","statementMap":{"0":{"start":{"line":5,"column":24},"end":{"line":7,"column":1}},"1":{"start":{"line":6,"column":2},"end":{"line":6,"column":43}},"2":{"start":{"line":9,"column":0},"end":{"line":11,"column":2}},"3":{"start":{"line":13,"column":0},"end":{"line":15,"column":2}}},"fnMap":{"0":{"name":"(anonymous_0)","decl":{"start":{"line":5,"column":24},"end":{"line":5,"column":25}},"loc":{"start":{"line":5,"column":42},"end":{"line":7,"column":1}},"line":5}},"branchMap":{},"s":{"0":4,"1":29,"2":4,"3":4},"f":{"0":29},"b":{},"_coverageSchema":"1a1c01bbd47fc00a2c39e90264f33305004495a9","hash":"1827b5baa612ab89a44d2c2415cab9ddf8ce2433"}
,"D:\\Denilson\\Cursos\\FrontEnd\\Projects\\d-p-telegrafo\\src\\infrastructure\\ui\\molecules\\searchContainer\\search-container.style.js": {"path":"D:\\Denilson\\Cursos\\FrontEnd\\Projects\\d-p-telegrafo\\src\\infrastructure\\ui\\molecules\\searchContainer\\search-container.style.js","statementMap":{"0":{"start":{"line":3,"column":18},"end":{"line":7,"column":1}}},"fnMap":{},"branchMap":{},"s":{"0":4},"f":{},"b":{},"_coverageSchema":"1a1c01bbd47fc00a2c39e90264f33305004495a9","hash":"b014a95b11ee15f898b3bbae90fdccbf0c9fd9da"}
,"D:\\Denilson\\Cursos\\FrontEnd\\Projects\\d-p-telegrafo\\src\\infrastructure\\ui\\organism\\messageDisplay\\index.jsx": {"path":"D:\\Denilson\\Cursos\\FrontEnd\\Projects\\d-p-telegrafo\\src\\infrastructure\\ui\\organism\\messageDisplay\\index.jsx","statementMap":{"0":{"start":{"line":8,"column":23},"end":{"line":21,"column":1}},"1":{"start":{"line":9,"column":2},"end":{"line":20,"column":4}}},"fnMap":{"0":{"name":"(anonymous_0)","decl":{"start":{"line":8,"column":23},"end":{"line":8,"column":24}},"loc":{"start":{"line":8,"column":29},"end":{"line":21,"column":1}},"line":8}},"branchMap":{},"s":{"0":1,"1":1},"f":{"0":1},"b":{},"_coverageSchema":"1a1c01bbd47fc00a2c39e90264f33305004495a9","hash":"1687c804c4c92a441e4ba214f8b6aa29f6c91418"}
,"D:\\Denilson\\Cursos\\FrontEnd\\Projects\\d-p-telegrafo\\src\\infrastructure\\ui\\organism\\messageDisplay\\message-display.style.js": {"path":"D:\\Denilson\\Cursos\\FrontEnd\\Projects\\d-p-telegrafo\\src\\infrastructure\\ui\\organism\\messageDisplay\\message-display.style.js","statementMap":{"0":{"start":{"line":3,"column":20},"end":{"line":13,"column":1}},"1":{"start":{"line":15,"column":32},"end":{"line":20,"column":1}}},"fnMap":{},"branchMap":{},"s":{"0":1,"1":1},"f":{},"b":{},"_coverageSchema":"1a1c01bbd47fc00a2c39e90264f33305004495a9","hash":"6844a6a937aadb82ecbaaa911d43a7a78af9089c"}
,"D:\\Denilson\\Cursos\\FrontEnd\\Projects\\d-p-telegrafo\\src\\infrastructure\\ui\\pages\\callPanel\\call-panel.style.js": {"path":"D:\\Denilson\\Cursos\\FrontEnd\\Projects\\d-p-telegrafo\\src\\infrastructure\\ui\\pages\\callPanel\\call-panel.style.js","statementMap":{"0":{"start":{"line":3,"column":26},"end":{"line":5,"column":1}},"1":{"start":{"line":7,"column":30},"end":{"line":12,"column":1}}},"fnMap":{},"branchMap":{},"s":{"0":2,"1":2},"f":{},"b":{},"_coverageSchema":"1a1c01bbd47fc00a2c39e90264f33305004495a9","hash":"7bf0f5531b66848e9babe6af063acbc5da19f68a"}
,"D:\\Denilson\\Cursos\\FrontEnd\\Projects\\d-p-telegrafo\\src\\infrastructure\\ui\\pages\\callPanel\\index.jsx": {"path":"D:\\Denilson\\Cursos\\FrontEnd\\Projects\\d-p-telegrafo\\src\\infrastructure\\ui\\pages\\callPanel\\index.jsx","statementMap":{"0":{"start":{"line":7,"column":18},"end":{"line":35,"column":1}},"1":{"start":{"line":8,"column":2},"end":{"line":34,"column":4}}},"fnMap":{"0":{"name":"(anonymous_0)","decl":{"start":{"line":7,"column":18},"end":{"line":7,"column":19}},"loc":{"start":{"line":7,"column":24},"end":{"line":35,"column":1}},"line":7}},"branchMap":{},"s":{"0":2,"1":3},"f":{"0":3},"b":{},"_coverageSchema":"1a1c01bbd47fc00a2c39e90264f33305004495a9","hash":"219626a2520cf177a39c50eb5e276810312e3bae"}
,"D:\\Denilson\\Cursos\\FrontEnd\\Projects\\d-p-telegrafo\\src\\infrastructure\\ui\\pages\\configPanel\\config-panel.style.js": {"path":"D:\\Denilson\\Cursos\\FrontEnd\\Projects\\d-p-telegrafo\\src\\infrastructure\\ui\\pages\\configPanel\\config-panel.style.js","statementMap":{"0":{"start":{"line":3,"column":21},"end":{"line":5,"column":1}},"1":{"start":{"line":7,"column":30},"end":{"line":11,"column":1}},"2":{"start":{"line":13,"column":25},"end":{"line":18,"column":1}}},"fnMap":{},"branchMap":{},"s":{"0":2,"1":2,"2":2},"f":{},"b":{},"_coverageSchema":"1a1c01bbd47fc00a2c39e90264f33305004495a9","hash":"f6dc4dad6c2efd0d59bb90cc2e81b2f981d4cd69"}
,"D:\\Denilson\\Cursos\\FrontEnd\\Projects\\d-p-telegrafo\\src\\infrastructure\\ui\\pages\\configPanel\\index.jsx": {"path":"D:\\Denilson\\Cursos\\FrontEnd\\Projects\\d-p-telegrafo\\src\\infrastructure\\ui\\pages\\configPanel\\index.jsx","statementMap":{"0":{"start":{"line":9,"column":20},"end":{"line":24,"column":1}},"1":{"start":{"line":10,"column":2},"end":{"line":23,"column":4}}},"fnMap":{"0":{"name":"(anonymous_0)","decl":{"start":{"line":9,"column":20},"end":{"line":9,"column":21}},"loc":{"start":{"line":9,"column":26},"end":{"line":24,"column":1}},"line":9}},"branchMap":{},"s":{"0":2,"1":2},"f":{"0":2},"b":{},"_coverageSchema":"1a1c01bbd47fc00a2c39e90264f33305004495a9","hash":"4aed78d19950813624c562c20e6e8b66e3110ee2"}
,"D:\\Denilson\\Cursos\\FrontEnd\\Projects\\d-p-telegrafo\\src\\infrastructure\\ui\\pages\\contactPanel\\index.jsx": {"path":"D:\\Denilson\\Cursos\\FrontEnd\\Projects\\d-p-telegrafo\\src\\infrastructure\\ui\\pages\\contactPanel\\index.jsx","statementMap":{"0":{"start":{"line":11,"column":21},"end":{"line":52,"column":1}},"1":{"start":{"line":12,"column":42},"end":{"line":12,"column":54}},"2":{"start":{"line":13,"column":23},"end":{"line":13,"column":60}},"3":{"start":{"line":13,"column":46},"end":{"line":13,"column":59}},"4":{"start":{"line":14,"column":19},"end":{"line":14,"column":32}},"5":{"start":{"line":16,"column":2},"end":{"line":18,"column":17}},"6":{"start":{"line":17,"column":4},"end":{"line":17,"column":30}},"7":{"start":{"line":20,"column":2},"end":{"line":23,"column":9}},"8":{"start":{"line":21,"column":20},"end":{"line":21,"column":65}},"9":{"start":{"line":22,"column":4},"end":{"line":22,"column":33}},"10":{"start":{"line":22,"column":17},"end":{"line":22,"column":32}},"11":{"start":{"line":25,"column":25},"end":{"line":31,"column":3}},"12":{"start":{"line":26,"column":22},"end":{"line":26,"column":34}},"13":{"start":{"line":27,"column":21},"end":{"line":29,"column":5}},"14":{"start":{"line":28,"column":6},"end":{"line":28,"column":62}},"15":{"start":{"line":30,"column":4},"end":{"line":30,"column":30}},"16":{"start":{"line":33,"column":2},"end":{"line":51,"column":4}},"17":{"start":{"line":41,"column":10},"end":{"line":46,"column":12}}},"fnMap":{"0":{"name":"(anonymous_0)","decl":{"start":{"line":11,"column":21},"end":{"line":11,"column":22}},"loc":{"start":{"line":11,"column":27},"end":{"line":52,"column":1}},"line":11},"1":{"name":"(anonymous_1)","decl":{"start":{"line":13,"column":35},"end":{"line":13,"column":36}},"loc":{"start":{"line":13,"column":46},"end":{"line":13,"column":59}},"line":13},"2":{"name":"(anonymous_2)","decl":{"start":{"line":16,"column":18},"end":{"line":16,"column":19}},"loc":{"start":{"line":16,"column":24},"end":{"line":18,"column":3}},"line":16},"3":{"name":"(anonymous_3)","decl":{"start":{"line":20,"column":18},"end":{"line":20,"column":19}},"loc":{"start":{"line":20,"column":24},"end":{"line":23,"column":3}},"line":20},"4":{"name":"(anonymous_4)","decl":{"start":{"line":22,"column":11},"end":{"line":22,"column":12}},"loc":{"start":{"line":22,"column":17},"end":{"line":22,"column":32}},"line":22},"5":{"name":"(anonymous_5)","decl":{"start":{"line":25,"column":25},"end":{"line":25,"column":26}},"loc":{"start":{"line":25,"column":36},"end":{"line":31,"column":3}},"line":25},"6":{"name":"(anonymous_6)","decl":{"start":{"line":27,"column":37},"end":{"line":27,"column":38}},"loc":{"start":{"line":28,"column":6},"end":{"line":28,"column":62}},"line":28},"7":{"name":"(anonymous_7)","decl":{"start":{"line":40,"column":26},"end":{"line":40,"column":27}},"loc":{"start":{"line":41,"column":10},"end":{"line":46,"column":12}},"line":41}},"branchMap":{},"s":{"0":2,"1":15,"2":15,"3":20,"4":15,"5":15,"6":5,"7":15,"8":3,"9":3,"10":3,"11":15,"12":2,"13":2,"14":2,"15":2,"16":15,"17":4},"f":{"0":15,"1":20,"2":5,"3":3,"4":3,"5":2,"6":2,"7":4},"b":{},"_coverageSchema":"1a1c01bbd47fc00a2c39e90264f33305004495a9","hash":"540f236a26b706003488f455980a69b6f644d0d6"}
,"D:\\Denilson\\Cursos\\FrontEnd\\Projects\\d-p-telegrafo\\src\\infrastructure\\ui\\pages\\messagePanel\\index.jsx": {"path":"D:\\Denilson\\Cursos\\FrontEnd\\Projects\\d-p-telegrafo\\src\\infrastructure\\ui\\pages\\messagePanel\\index.jsx","statementMap":{"0":{"start":{"line":10,"column":21},"end":{"line":45,"column":1}},"1":{"start":{"line":12,"column":36},"end":{"line":12,"column":48}},"2":{"start":{"line":13,"column":18},"end":{"line":13,"column":53}},"3":{"start":{"line":13,"column":41},"end":{"line":13,"column":52}},"4":{"start":{"line":14,"column":19},"end":{"line":14,"column":32}},"5":{"start":{"line":16,"column":2},"end":{"line":18,"column":13}},"6":{"start":{"line":17,"column":4},"end":{"line":17,"column":24}},"7":{"start":{"line":20,"column":2},"end":{"line":23,"column":8}},"8":{"start":{"line":21,"column":20},"end":{"line":21,"column":62}},"9":{"start":{"line":22,"column":4},"end":{"line":22,"column":33}},"10":{"start":{"line":22,"column":17},"end":{"line":22,"column":32}},"11":{"start":{"line":25,"column":2},"end":{"line":44,"column":4}},"12":{"start":{"line":32,"column":12},"end":{"line":38,"column":14}}},"fnMap":{"0":{"name":"(anonymous_0)","decl":{"start":{"line":10,"column":21},"end":{"line":10,"column":22}},"loc":{"start":{"line":10,"column":27},"end":{"line":45,"column":1}},"line":10},"1":{"name":"(anonymous_1)","decl":{"start":{"line":13,"column":30},"end":{"line":13,"column":31}},"loc":{"start":{"line":13,"column":41},"end":{"line":13,"column":52}},"line":13},"2":{"name":"(anonymous_2)","decl":{"start":{"line":16,"column":18},"end":{"line":16,"column":19}},"loc":{"start":{"line":16,"column":24},"end":{"line":18,"column":3}},"line":16},"3":{"name":"(anonymous_3)","decl":{"start":{"line":20,"column":18},"end":{"line":20,"column":19}},"loc":{"start":{"line":20,"column":24},"end":{"line":23,"column":3}},"line":20},"4":{"name":"(anonymous_4)","decl":{"start":{"line":22,"column":11},"end":{"line":22,"column":12}},"loc":{"start":{"line":22,"column":17},"end":{"line":22,"column":32}},"line":22},"5":{"name":"(anonymous_5)","decl":{"start":{"line":31,"column":23},"end":{"line":31,"column":24}},"loc":{"start":{"line":32,"column":12},"end":{"line":38,"column":14}},"line":32}},"branchMap":{},"s":{"0":2,"1":13,"2":13,"3":18,"4":13,"5":13,"6":5,"7":13,"8":3,"9":3,"10":3,"11":13,"12":3},"f":{"0":13,"1":18,"2":5,"3":3,"4":3,"5":3},"b":{},"_coverageSchema":"1a1c01bbd47fc00a2c39e90264f33305004495a9","hash":"b380fea277921c62da031c37f242cf30b8fe371b"}
,"D:\\Denilson\\Cursos\\FrontEnd\\Projects\\d-p-telegrafo\\src\\infrastructure\\ui\\routes\\route.jsx": {"path":"D:\\Denilson\\Cursos\\FrontEnd\\Projects\\d-p-telegrafo\\src\\infrastructure\\ui\\routes\\route.jsx","statementMap":{"0":{"start":{"line":8,"column":18},"end":{"line":19,"column":1}},"1":{"start":{"line":9,"column":2},"end":{"line":18,"column":4}}},"fnMap":{"0":{"name":"(anonymous_0)","decl":{"start":{"line":8,"column":18},"end":{"line":8,"column":19}},"loc":{"start":{"line":8,"column":24},"end":{"line":19,"column":1}},"line":8}},"branchMap":{},"s":{"0":1,"1":4},"f":{"0":4},"b":{},"_coverageSchema":"1a1c01bbd47fc00a2c39e90264f33305004495a9","hash":"29f6b095fdaabc511ac8fac44e5eba3d635757e6"}
,"D:\\Denilson\\Cursos\\FrontEnd\\Projects\\d-p-telegrafo\\src\\infrastructure\\ui\\templates\\appLayout\\app-layout.style.js": {"path":"D:\\Denilson\\Cursos\\FrontEnd\\Projects\\d-p-telegrafo\\src\\infrastructure\\ui\\templates\\appLayout\\app-layout.style.js","statementMap":{"0":{"start":{"line":3,"column":15},"end":{"line":13,"column":1}}},"fnMap":{},"branchMap":{},"s":{"0":1},"f":{},"b":{},"_coverageSchema":"1a1c01bbd47fc00a2c39e90264f33305004495a9","hash":"5507aad36b24ba2f47e77015fa4a86a0b979aa64"}
,"D:\\Denilson\\Cursos\\FrontEnd\\Projects\\d-p-telegrafo\\src\\infrastructure\\ui\\templates\\appLayout\\index.jsx": {"path":"D:\\Denilson\\Cursos\\FrontEnd\\Projects\\d-p-telegrafo\\src\\infrastructure\\ui\\templates\\appLayout\\index.jsx","statementMap":{"0":{"start":{"line":5,"column":18},"end":{"line":7,"column":1}},"1":{"start":{"line":6,"column":2},"end":{"line":6,"column":37}},"2":{"start":{"line":9,"column":0},"end":{"line":11,"column":2}},"3":{"start":{"line":13,"column":0},"end":{"line":15,"column":2}}},"fnMap":{"0":{"name":"(anonymous_0)","decl":{"start":{"line":5,"column":18},"end":{"line":5,"column":19}},"loc":{"start":{"line":5,"column":36},"end":{"line":7,"column":1}},"line":5}},"branchMap":{},"s":{"0":1,"1":1,"2":1,"3":1},"f":{"0":1},"b":{},"_coverageSchema":"1a1c01bbd47fc00a2c39e90264f33305004495a9","hash":"502c3a57eff83a18a9f186bba66a8d3e5cad68cc"}
,"D:\\Denilson\\Cursos\\FrontEnd\\Projects\\d-p-telegrafo\\src\\infrastructure\\ui\\templates\\sideLayout\\index.jsx": {"path":"D:\\Denilson\\Cursos\\FrontEnd\\Projects\\d-p-telegrafo\\src\\infrastructure\\ui\\templates\\sideLayout\\index.jsx","statementMap":{"0":{"start":{"line":5,"column":19},"end":{"line":7,"column":1}},"1":{"start":{"line":6,"column":2},"end":{"line":6,"column":66}},"2":{"start":{"line":9,"column":0},"end":{"line":11,"column":2}},"3":{"start":{"line":13,"column":0},"end":{"line":15,"column":2}}},"fnMap":{"0":{"name":"(anonymous_0)","decl":{"start":{"line":5,"column":19},"end":{"line":5,"column":20}},"loc":{"start":{"line":5,"column":37},"end":{"line":7,"column":1}},"line":5}},"branchMap":{},"s":{"0":1,"1":2,"2":1,"3":1},"f":{"0":2},"b":{},"_coverageSchema":"1a1c01bbd47fc00a2c39e90264f33305004495a9","hash":"d665c8223ab99a3c01e881c73713fea1fa710c8d"}
,"D:\\Denilson\\Cursos\\FrontEnd\\Projects\\d-p-telegrafo\\src\\infrastructure\\ui\\templates\\sideLayout\\side-layout.style.js": {"path":"D:\\Denilson\\Cursos\\FrontEnd\\Projects\\d-p-telegrafo\\src\\infrastructure\\ui\\templates\\sideLayout\\side-layout.style.js","statementMap":{"0":{"start":{"line":3,"column":18},"end":{"line":8,"column":1}}},"fnMap":{},"branchMap":{},"s":{"0":1},"f":{},"b":{},"_coverageSchema":"1a1c01bbd47fc00a2c39e90264f33305004495a9","hash":"3d2379032118533f9551c4d6d48dfa61ef6d2553"}
,"D:\\Denilson\\Cursos\\FrontEnd\\Projects\\d-p-telegrafo\\src\\infrastructure\\ui\\templates\\sidePanel\\index.jsx": {"path":"D:\\Denilson\\Cursos\\FrontEnd\\Projects\\d-p-telegrafo\\src\\infrastructure\\ui\\templates\\sidePanel\\index.jsx","statementMap":{"0":{"start":{"line":5,"column":18},"end":{"line":7,"column":1}},"1":{"start":{"line":6,"column":2},"end":{"line":6,"column":43}},"2":{"start":{"line":9,"column":0},"end":{"line":11,"column":2}},"3":{"start":{"line":13,"column":0},"end":{"line":15,"column":2}}},"fnMap":{"0":{"name":"(anonymous_0)","decl":{"start":{"line":5,"column":18},"end":{"line":5,"column":19}},"loc":{"start":{"line":5,"column":36},"end":{"line":7,"column":1}},"line":5}},"branchMap":{},"s":{"0":6,"1":34,"2":6,"3":6},"f":{"0":34},"b":{},"_coverageSchema":"1a1c01bbd47fc00a2c39e90264f33305004495a9","hash":"921332f65e035c46af93ecd5201f67f0c94f9463"}
,"D:\\Denilson\\Cursos\\FrontEnd\\Projects\\d-p-telegrafo\\src\\infrastructure\\ui\\templates\\sidePanel\\side-panel.js": {"path":"D:\\Denilson\\Cursos\\FrontEnd\\Projects\\d-p-telegrafo\\src\\infrastructure\\ui\\templates\\sidePanel\\side-panel.js","statementMap":{"0":{"start":{"line":3,"column":18},"end":{"line":7,"column":1}}},"fnMap":{},"branchMap":{},"s":{"0":6},"f":{},"b":{},"_coverageSchema":"1a1c01bbd47fc00a2c39e90264f33305004495a9","hash":"47fe2a3c4db4f96f1be4eb88636c09bb410e72d1"}
}
