TN:
SF:src\infrastructure\api\fetch-api\index.js
FNF:0
FNH:0
LF:0
LH:0
BRF:0
BRH:0
end_of_record
TN:
SF:src\infrastructure\api\fetch-api\chats\index.js
FN:3,(anonymous_0)
FNF:1
FNH:1
FNDA:3,(anonymous_0)
DA:1,4
DA:3,4
DA:4,3
DA:5,3
DA:6,3
DA:7,3
DA:8,3
DA:10,0
DA:12,0
LF:9
LH:7
BRDA:6,0,0,3
BRDA:6,0,1,0
BRF:2
BRH:1
end_of_record
TN:
SF:src\infrastructure\api\fetch-api\contacts\index.js
FN:3,(anonymous_0)
FN:16,(anonymous_1)
FNF:2
FNH:2
FNDA:5,(anonymous_0)
FNDA:3,(anonymous_1)
DA:1,5
DA:3,5
DA:4,5
DA:5,5
DA:6,5
DA:7,4
DA:8,4
DA:10,1
DA:12,0
DA:16,5
DA:17,3
DA:18,3
DA:23,3
DA:24,3
DA:26,0
LF:15
LH:13
BRDA:6,0,0,4
BRDA:6,0,1,1
BRF:2
BRH:2
end_of_record
TN:
SF:src\infrastructure\redux\features\chats\actions.js
FN:5,(anonymous_0)
FNF:1
FNH:1
FNDA:3,(anonymous_0)
DA:3,4
DA:6,3
DA:7,3
DA:8,3
DA:9,0
DA:11,3
LF:6
LH:5
BRDA:8,0,0,0
BRDA:8,0,1,3
BRF:2
BRH:1
end_of_record
TN:
SF:src\infrastructure\redux\features\chats\index.js
FNF:0
FNH:0
DA:5,4
DA:10,4
DA:20,4
LF:3
LH:3
BRF:0
BRH:0
end_of_record
TN:
SF:src\infrastructure\redux\features\chats\reducer.js
FN:1,(anonymous_0)
FN:3,(anonymous_1)
FN:6,(anonymous_2)
FN:10,(anonymous_3)
FNF:4
FNH:4
FNDA:4,(anonymous_0)
FNDA:3,(anonymous_1)
FNDA:2,(anonymous_2)
FNDA:1,(anonymous_3)
DA:1,4
DA:2,4
DA:4,3
DA:7,2
DA:8,2
DA:11,1
DA:12,1
LF:7
LH:7
BRF:0
BRH:0
end_of_record
TN:
SF:src\infrastructure\redux\features\contact\actions.js
FN:5,(anonymous_0)
FN:19,(anonymous_1)
FN:31,(anonymous_2)
FNF:3
FNH:1
FNDA:3,(anonymous_0)
FNDA:0,(anonymous_1)
FNDA:0,(anonymous_2)
DA:3,4
DA:8,3
DA:9,3
DA:10,3
DA:11,0
DA:13,3
DA:17,4
DA:22,0
DA:23,0
DA:24,0
DA:25,0
DA:27,0
DA:31,4
DA:32,0
LF:14
LH:7
BRDA:10,0,0,0
BRDA:10,0,1,3
BRDA:24,1,0,0
BRDA:24,1,1,0
BRF:4
BRH:1
end_of_record
TN:
SF:src\infrastructure\redux\features\contact\index.js
FNF:0
FNH:0
DA:5,4
DA:10,4
DA:22,4
LF:3
LH:3
BRF:0
BRH:0
end_of_record
TN:
SF:src\infrastructure\redux\features\contact\reducer.js
FN:1,(anonymous_0)
FN:3,(anonymous_1)
FN:6,(anonymous_2)
FN:10,(anonymous_3)
FN:17,(anonymous_4)
FN:19,(anonymous_5)
FN:22,(anonymous_6)
FN:31,(anonymous_7)
FNF:8
FNH:5
FNDA:4,(anonymous_0)
FNDA:3,(anonymous_1)
FNDA:2,(anonymous_2)
FNDA:1,(anonymous_3)
FNDA:4,(anonymous_4)
FNDA:0,(anonymous_5)
FNDA:0,(anonymous_6)
FNDA:0,(anonymous_7)
DA:1,4
DA:2,4
DA:4,3
DA:7,2
DA:8,2
DA:11,1
DA:12,1
DA:17,4
DA:18,4
DA:20,0
DA:25,0
DA:26,0
DA:27,0
DA:28,0
DA:29,0
DA:32,0
DA:33,0
LF:17
LH:9
BRDA:26,0,0,0
BRDA:26,0,1,0
BRDA:27,1,0,0
BRDA:27,1,1,0
BRDA:28,2,0,0
BRDA:28,2,1,0
BRF:6
BRH:0
end_of_record
TN:
SF:src\infrastructure\redux\store\index.js
FN:11,(anonymous_0)
FNF:1
FNH:1
FNDA:4,(anonymous_0)
DA:6,4
DA:12,4
LF:2
LH:2
BRF:0
BRH:0
end_of_record
TN:
SF:src\infrastructure\ui\atoms\colorPreference\color-preference.style.js
FNF:0
FNH:0
DA:3,3
LF:1
LH:1
BRF:0
BRH:0
end_of_record
TN:
SF:src\infrastructure\ui\atoms\colorPreference\index.jsx
FN:5,(anonymous_0)
FNF:1
FNH:1
FNDA:5,(anonymous_0)
DA:5,3
DA:6,5
DA:14,3
DA:19,3
LF:4
LH:4
BRF:0
BRH:0
end_of_record
TN:
SF:src\infrastructure\ui\atoms\messageAlert\index.jsx
FN:5,(anonymous_0)
FNF:1
FNH:1
FNDA:6,(anonymous_0)
DA:5,6
DA:6,6
DA:13,6
DA:17,6
LF:4
LH:4
BRF:0
BRH:0
end_of_record
TN:
SF:src\infrastructure\ui\atoms\messageAlert\message-alert.style.js
FNF:0
FNH:0
DA:3,6
LF:1
LH:1
BRF:0
BRH:0
end_of_record
TN:
SF:src\infrastructure\ui\atoms\messageStatus\index.jsx
FN:7,(anonymous_0)
FN:8,(anonymous_1)
FNF:2
FNH:2
FNDA:10,(anonymous_0)
FNDA:10,(anonymous_1)
DA:7,8
DA:8,10
DA:9,10
DA:19,8
DA:23,8
LF:5
LH:5
BRF:0
BRH:0
end_of_record
TN:
SF:src\infrastructure\ui\atoms\messageStatus\message-status.style.js
FNF:0
FNH:0
DA:3,8
DA:9,8
LF:2
LH:2
BRF:0
BRH:0
end_of_record
TN:
SF:src\infrastructure\ui\atoms\modal\index.jsx
FN:6,(anonymous_0)
FNF:1
FNH:1
FNDA:18,(anonymous_0)
DA:6,3
DA:7,18
DA:15,3
DA:19,3
LF:4
LH:4
BRF:0
BRH:0
end_of_record
TN:
SF:src\infrastructure\ui\atoms\modal\modal.style.js
FNF:0
FNH:0
DA:3,3
LF:1
LH:1
BRF:0
BRH:0
end_of_record
TN:
SF:src\infrastructure\ui\atoms\navItem\index.jsx
FN:5,(anonymous_0)
FNF:1
FNH:1
FNDA:140,(anonymous_0)
DA:5,7
DA:6,140
DA:15,7
DA:21,7
LF:4
LH:4
BRDA:8,0,0,37
BRDA:8,0,1,103
BRF:2
BRH:2
end_of_record
TN:
SF:src\infrastructure\ui\atoms\navItem\nav-item.style.js
FNF:0
FNH:0
DA:4,7
DA:14,7
LF:2
LH:2
BRF:0
BRH:0
end_of_record
TN:
SF:src\infrastructure\ui\atoms\profileImage\index.jsx
FN:5,(anonymous_0)
FNF:1
FNH:1
FNDA:25,(anonymous_0)
DA:5,8
DA:6,25
DA:13,8
DA:19,8
LF:4
LH:4
BRF:0
BRH:0
end_of_record
TN:
SF:src\infrastructure\ui\atoms\profileImage\profile-image.style.js
FNF:0
FNH:0
DA:3,8
DA:17,8
LF:2
LH:2
BRF:0
BRH:0
end_of_record
TN:
SF:src\infrastructure\ui\atoms\profileParagraph\index.jsx
FN:5,(anonymous_0)
FNF:1
FNH:1
FNDA:21,(anonymous_0)
DA:5,7
DA:6,21
DA:9,7
DA:14,7
LF:4
LH:4
BRF:0
BRH:0
end_of_record
TN:
SF:src\infrastructure\ui\atoms\profileParagraph\profile-paragraph.style.js
FNF:0
FNH:0
DA:3,7
LF:1
LH:1
BRF:0
BRH:0
end_of_record
TN:
SF:src\infrastructure\ui\atoms\profileTitle\index.jsx
FN:5,(anonymous_0)
FNF:1
FNH:1
FNDA:27,(anonymous_0)
DA:5,8
DA:6,27
DA:9,8
DA:14,8
LF:4
LH:4
BRF:0
BRH:0
end_of_record
TN:
SF:src\infrastructure\ui\atoms\profileTitle\profile-title.style.js
FNF:0
FNH:0
DA:3,8
LF:1
LH:1
BRF:0
BRH:0
end_of_record
TN:
SF:src\infrastructure\ui\atoms\search\index.jsx
FN:6,(anonymous_0)
FN:25,(anonymous_1)
FNF:2
FNH:1
FNDA:30,(anonymous_0)
FNDA:0,(anonymous_1)
DA:6,4
DA:7,30
DA:20,4
DA:24,4
LF:4
LH:4
BRF:0
BRH:0
end_of_record
TN:
SF:src\infrastructure\ui\atoms\search\search.style.js
FNF:0
FNH:0
DA:3,4
DA:13,4
LF:2
LH:2
BRF:0
BRH:0
end_of_record
TN:
SF:src\infrastructure\ui\atoms\tag\index.jsx
FN:5,(anonymous_0)
FNF:1
FNH:1
FNDA:2,(anonymous_0)
DA:5,2
DA:6,2
DA:9,2
DA:13,2
LF:4
LH:4
BRF:0
BRH:0
end_of_record
TN:
SF:src\infrastructure\ui\atoms\tag\tag.style.js
FNF:0
FNH:0
DA:3,2
LF:1
LH:1
BRF:0
BRH:0
end_of_record
TN:
SF:src\infrastructure\ui\molecules\addContact\add-contact.style.js
FNF:0
FNH:0
DA:3,3
DA:15,3
DA:28,3
DA:33,3
DA:38,3
DA:45,3
DA:50,3
LF:7
LH:7
BRF:0
BRH:0
end_of_record
TN:
SF:src\infrastructure\ui\molecules\addContact\index.jsx
FN:16,(anonymous_0)
FN:19,(anonymous_1)
FN:25,(anonymous_2)
FN:31,(anonymous_3)
FNF:4
FNH:3
FNDA:18,(anonymous_0)
FNDA:2,(anonymous_1)
FNDA:1,(anonymous_2)
FNDA:0,(anonymous_3)
DA:16,3
DA:17,18
DA:19,18
DA:20,2
DA:21,2
DA:22,2
DA:25,18
DA:26,1
DA:27,1
DA:28,1
DA:31,18
DA:32,0
DA:33,0
DA:34,0
DA:35,0
DA:36,0
DA:45,18
LF:17
LH:12
BRDA:22,0,0,2
BRDA:22,0,1,0
BRDA:28,1,0,1
BRDA:28,1,1,0
BRF:4
BRH:2
end_of_record
TN:
SF:src\infrastructure\ui\molecules\contact\contact.style.js
FNF:0
FNH:0
DA:3,5
DA:16,5
DA:21,5
LF:3
LH:3
BRF:0
BRH:0
end_of_record
TN:
SF:src\infrastructure\ui\molecules\contact\index.jsx
FN:14,(anonymous_0)
FNF:1
FNH:1
FNDA:19,(anonymous_0)
DA:14,5
DA:15,19
DA:36,5
DA:44,5
LF:4
LH:4
BRDA:26,0,0,19
BRDA:26,0,1,4
BRF:2
BRH:2
end_of_record
TN:
SF:src\infrastructure\ui\molecules\header\header.style.js
FNF:0
FNH:0
DA:3,1
DA:12,1
DA:18,1
LF:3
LH:3
BRF:0
BRH:0
end_of_record
TN:
SF:src\infrastructure\ui\molecules\header\index.jsx
FN:8,(anonymous_0)
FNF:1
FNH:1
FNDA:1,(anonymous_0)
DA:8,1
DA:9,1
LF:2
LH:2
BRF:0
BRH:0
end_of_record
TN:
SF:src\infrastructure\ui\molecules\message\index.jsx
FN:8,(anonymous_0)
FNF:1
FNH:1
FNDA:4,(anonymous_0)
DA:8,2
DA:9,4
DA:23,2
DA:29,2
LF:4
LH:4
BRF:0
BRH:0
end_of_record
TN:
SF:src\infrastructure\ui\molecules\message\message.style.js
FNF:0
FNH:0
DA:3,2
DA:8,2
DA:14,2
LF:3
LH:3
BRF:0
BRH:0
end_of_record
TN:
SF:src\infrastructure\ui\molecules\messageBox\index.jsx
FN:11,(anonymous_0)
FNF:1
FNH:1
FNDA:3,(anonymous_0)
DA:11,2
DA:12,3
LF:2
LH:2
BRF:0
BRH:0
end_of_record
TN:
SF:src\infrastructure\ui\molecules\messageBox\message-box.style.js
FNF:0
FNH:0
DA:3,2
DA:11,2
DA:17,2
DA:24,2
LF:4
LH:4
BRF:0
BRH:0
end_of_record
TN:
SF:src\infrastructure\ui\molecules\navigator\index.jsx
FN:12,(anonymous_0)
FNF:1
FNH:1
FNDA:34,(anonymous_0)
DA:12,6
DA:13,34
DA:41,6
DA:45,6
LF:4
LH:4
BRF:0
BRH:0
end_of_record
TN:
SF:src\infrastructure\ui\molecules\navigator\navigator.style.js
FNF:0
FNH:0
DA:3,6
LF:1
LH:1
BRF:0
BRH:0
end_of_record
TN:
SF:src\infrastructure\ui\molecules\searchContainer\index.jsx
FN:5,(anonymous_0)
FNF:1
FNH:1
FNDA:29,(anonymous_0)
DA:5,4
DA:6,29
DA:9,4
DA:13,4
LF:4
LH:4
BRF:0
BRH:0
end_of_record
TN:
SF:src\infrastructure\ui\molecules\searchContainer\search-container.style.js
FNF:0
FNH:0
DA:3,4
LF:1
LH:1
BRF:0
BRH:0
end_of_record
TN:
SF:src\infrastructure\ui\organism\messageDisplay\index.jsx
FN:8,(anonymous_0)
FNF:1
FNH:1
FNDA:1,(anonymous_0)
DA:8,1
DA:9,1
LF:2
LH:2
BRF:0
BRH:0
end_of_record
TN:
SF:src\infrastructure\ui\organism\messageDisplay\message-display.style.js
FNF:0
FNH:0
DA:3,1
DA:15,1
LF:2
LH:2
BRF:0
BRH:0
end_of_record
TN:
SF:src\infrastructure\ui\pages\callPanel\call-panel.style.js
FNF:0
FNH:0
DA:3,2
DA:7,2
LF:2
LH:2
BRF:0
BRH:0
end_of_record
TN:
SF:src\infrastructure\ui\pages\callPanel\index.jsx
FN:7,(anonymous_0)
FNF:1
FNH:1
FNDA:3,(anonymous_0)
DA:7,2
DA:8,3
LF:2
LH:2
BRF:0
BRH:0
end_of_record
TN:
SF:src\infrastructure\ui\pages\configPanel\config-panel.style.js
FNF:0
FNH:0
DA:3,2
DA:7,2
DA:13,2
LF:3
LH:3
BRF:0
BRH:0
end_of_record
TN:
SF:src\infrastructure\ui\pages\configPanel\index.jsx
FN:9,(anonymous_0)
FNF:1
FNH:1
FNDA:2,(anonymous_0)
DA:9,2
DA:10,2
LF:2
LH:2
BRF:0
BRH:0
end_of_record
TN:
SF:src\infrastructure\ui\pages\contactPanel\index.jsx
FN:11,(anonymous_0)
FN:13,(anonymous_1)
FN:16,(anonymous_2)
FN:20,(anonymous_3)
FN:22,(anonymous_4)
FN:25,(anonymous_5)
FN:27,(anonymous_6)
FN:40,(anonymous_7)
FNF:8
FNH:8
FNDA:15,(anonymous_0)
FNDA:20,(anonymous_1)
FNDA:5,(anonymous_2)
FNDA:3,(anonymous_3)
FNDA:3,(anonymous_4)
FNDA:2,(anonymous_5)
FNDA:2,(anonymous_6)
FNDA:4,(anonymous_7)
DA:11,2
DA:12,15
DA:13,20
DA:14,15
DA:16,15
DA:17,5
DA:20,15
DA:21,3
DA:22,3
DA:25,15
DA:26,2
DA:27,2
DA:28,2
DA:30,2
DA:33,15
DA:41,4
LF:16
LH:16
BRF:0
BRH:0
end_of_record
TN:
SF:src\infrastructure\ui\pages\messagePanel\index.jsx
FN:10,(anonymous_0)
FN:13,(anonymous_1)
FN:16,(anonymous_2)
FN:20,(anonymous_3)
FN:22,(anonymous_4)
FN:31,(anonymous_5)
FNF:6
FNH:6
FNDA:13,(anonymous_0)
FNDA:18,(anonymous_1)
FNDA:5,(anonymous_2)
FNDA:3,(anonymous_3)
FNDA:3,(anonymous_4)
FNDA:3,(anonymous_5)
DA:10,2
DA:12,13
DA:13,18
DA:14,13
DA:16,13
DA:17,5
DA:20,13
DA:21,3
DA:22,3
DA:25,13
DA:32,3
LF:11
LH:11
BRF:0
BRH:0
end_of_record
TN:
SF:src\infrastructure\ui\routes\route.jsx
FN:8,(anonymous_0)
FNF:1
FNH:1
FNDA:4,(anonymous_0)
DA:8,1
DA:9,4
LF:2
LH:2
BRF:0
BRH:0
end_of_record
TN:
SF:src\infrastructure\ui\templates\appLayout\app-layout.style.js
FNF:0
FNH:0
DA:3,1
LF:1
LH:1
BRF:0
BRH:0
end_of_record
TN:
SF:src\infrastructure\ui\templates\appLayout\index.jsx
FN:5,(anonymous_0)
FNF:1
FNH:1
FNDA:1,(anonymous_0)
DA:5,1
DA:6,1
DA:9,1
DA:13,1
LF:4
LH:4
BRF:0
BRH:0
end_of_record
TN:
SF:src\infrastructure\ui\templates\sideLayout\index.jsx
FN:5,(anonymous_0)
FNF:1
FNH:1
FNDA:2,(anonymous_0)
DA:5,1
DA:6,2
DA:9,1
DA:13,1
LF:4
LH:4
BRF:0
BRH:0
end_of_record
TN:
SF:src\infrastructure\ui\templates\sideLayout\side-layout.style.js
FNF:0
FNH:0
DA:3,1
LF:1
LH:1
BRF:0
BRH:0
end_of_record
TN:
SF:src\infrastructure\ui\templates\sidePanel\index.jsx
FN:5,(anonymous_0)
FNF:1
FNH:1
FNDA:34,(anonymous_0)
DA:5,6
DA:6,34
DA:9,6
DA:13,6
LF:4
LH:4
BRF:0
BRH:0
end_of_record
TN:
SF:src\infrastructure\ui\templates\sidePanel\side-panel.js
FNF:0
FNH:0
DA:3,6
LF:1
LH:1
BRF:0
BRH:0
end_of_record
