TN:
SF:src\app\api\fetch-api\index.js
FNF:0
FNH:0
LF:0
LH:0
BRF:0
BRH:0
end_of_record
TN:
SF:src\app\api\fetch-api\chats\index.js
FN:3,(anonymous_0)
FN:16,(anonymous_1)
FN:29,(anonymous_2)
FN:54,(anonymous_3)
FNF:4
FNH:1
FNDA:1,(anonymous_0)
FNDA:0,(anonymous_1)
FNDA:0,(anonymous_2)
FNDA:0,(anonymous_3)
DA:1,4
DA:3,4
DA:4,1
DA:5,1
DA:6,1
DA:7,1
DA:8,1
DA:10,0
DA:12,0
DA:16,4
DA:17,0
DA:18,0
DA:19,0
DA:20,0
DA:21,0
DA:23,0
DA:25,0
DA:29,4
DA:30,0
DA:31,0
DA:37,0
DA:42,0
DA:47,0
DA:48,0
DA:50,0
DA:54,4
DA:55,0
DA:56,0
DA:62,0
DA:67,0
DA:72,0
DA:73,0
DA:75,0
LF:33
LH:10
BRDA:6,0,0,1
BRDA:6,0,1,0
BRDA:19,1,0,0
BRDA:19,1,1,0
BRF:4
BRH:1
end_of_record
TN:
SF:src\app\api\fetch-api\contacts\index.js
FN:3,(anonymous_0)
FN:16,(anonymous_1)
FNF:2
FNH:2
FNDA:7,(anonymous_0)
FNDA:3,(anonymous_1)
DA:1,5
DA:3,5
DA:4,7
DA:5,7
DA:6,7
DA:7,6
DA:8,6
DA:10,1
DA:12,0
DA:16,5
DA:17,3
DA:18,3
DA:23,3
DA:24,3
DA:26,0
LF:15
LH:13
BRDA:6,0,0,6
BRDA:6,0,1,1
BRF:2
BRH:2
end_of_record
TN:
SF:src\app\redux\features\chats\actions.js
FN:5,(anonymous_0)
FNF:1
FNH:1
FNDA:1,(anonymous_0)
DA:3,4
DA:6,1
DA:9,1
DA:10,1
DA:11,1
DA:12,0
DA:14,1
LF:7
LH:6
BRDA:11,0,0,0
BRDA:11,0,1,1
BRF:2
BRH:1
end_of_record
TN:
SF:src\app\redux\features\chats\index.js
FNF:0
FNH:0
DA:5,4
DA:10,4
DA:19,4
LF:3
LH:3
BRF:0
BRH:0
end_of_record
TN:
SF:src\app\redux\features\chats\reducer.js
FN:1,(anonymous_0)
FN:3,(anonymous_1)
FN:6,(anonymous_2)
FN:10,(anonymous_3)
FNF:4
FNH:3
FNDA:4,(anonymous_0)
FNDA:1,(anonymous_1)
FNDA:1,(anonymous_2)
FNDA:0,(anonymous_3)
DA:1,4
DA:2,4
DA:4,1
DA:7,1
DA:8,1
DA:11,0
DA:12,0
LF:7
LH:5
BRF:0
BRH:0
end_of_record
TN:
SF:src\app\redux\features\contact\actions.js
FN:5,(anonymous_0)
FN:19,(anonymous_1)
FN:31,(anonymous_2)
FNF:3
FNH:1
FNDA:5,(anonymous_0)
FNDA:0,(anonymous_1)
FNDA:0,(anonymous_2)
DA:3,4
DA:8,5
DA:9,5
DA:10,5
DA:11,0
DA:13,5
DA:17,4
DA:22,0
DA:23,0
DA:24,0
DA:25,0
DA:27,0
DA:31,4
DA:32,0
LF:14
LH:7
BRDA:10,0,0,0
BRDA:10,0,1,5
BRDA:24,1,0,0
BRDA:24,1,1,0
BRF:4
BRH:1
end_of_record
TN:
SF:src\app\redux\features\contact\index.js
FNF:0
FNH:0
DA:5,4
DA:10,4
DA:22,4
LF:3
LH:3
BRF:0
BRH:0
end_of_record
TN:
SF:src\app\redux\features\contact\reducer.js
FN:1,(anonymous_0)
FN:3,(anonymous_1)
FN:6,(anonymous_2)
FN:10,(anonymous_3)
FN:17,(anonymous_4)
FN:19,(anonymous_5)
FN:22,(anonymous_6)
FN:31,(anonymous_7)
FNF:8
FNH:4
FNDA:4,(anonymous_0)
FNDA:5,(anonymous_1)
FNDA:5,(anonymous_2)
FNDA:0,(anonymous_3)
FNDA:4,(anonymous_4)
FNDA:0,(anonymous_5)
FNDA:0,(anonymous_6)
FNDA:0,(anonymous_7)
DA:1,4
DA:2,4
DA:4,5
DA:7,5
DA:8,5
DA:11,0
DA:12,0
DA:17,4
DA:18,4
DA:20,0
DA:25,0
DA:26,0
DA:27,0
DA:28,0
DA:29,0
DA:32,0
DA:33,0
LF:17
LH:7
BRDA:26,0,0,0
BRDA:26,0,1,0
BRDA:27,1,0,0
BRDA:27,1,1,0
BRDA:28,2,0,0
BRDA:28,2,1,0
BRF:6
BRH:0
end_of_record
TN:
SF:src\app\redux\features\messages\actions.js
FN:6,(anonymous_0)
FN:28,(anonymous_1)
FN:43,(anonymous_2)
FNF:3
FNH:0
FNDA:0,(anonymous_0)
FNDA:0,(anonymous_1)
FNDA:0,(anonymous_2)
DA:3,8
DA:4,8
DA:9,0
DA:10,0
DA:11,0
DA:12,0
DA:17,0
DA:18,0
DA:20,0
DA:22,0
DA:26,8
DA:31,0
DA:32,0
DA:33,0
DA:34,0
DA:35,0
DA:37,0
DA:41,8
DA:46,0
DA:47,0
DA:48,0
DA:49,0
DA:50,0
DA:52,0
LF:24
LH:4
BRDA:11,0,0,0
BRDA:11,0,1,0
BRDA:17,1,0,0
BRDA:17,1,1,0
BRDA:34,2,0,0
BRDA:34,2,1,0
BRDA:49,3,0,0
BRDA:49,3,1,0
BRF:8
BRH:0
end_of_record
TN:
SF:src\app\redux\features\messages\index.js
FN:20,(anonymous_0)
FNF:1
FNH:0
FNDA:0,(anonymous_0)
DA:8,6
DA:16,6
DA:21,0
DA:22,0
DA:32,6
DA:33,6
LF:6
LH:4
BRF:0
BRH:0
end_of_record
TN:
SF:src\app\redux\features\messages\reducer.js
FN:1,(anonymous_0)
FN:3,(anonymous_1)
FN:6,(anonymous_2)
FN:10,(anonymous_3)
FN:17,(anonymous_4)
FN:19,(anonymous_5)
FN:22,(anonymous_6)
FN:26,(anonymous_7)
FN:33,(anonymous_8)
FN:35,(anonymous_9)
FN:38,(anonymous_10)
FN:42,(anonymous_11)
FNF:12
FNH:3
FNDA:6,(anonymous_0)
FNDA:0,(anonymous_1)
FNDA:0,(anonymous_2)
FNDA:0,(anonymous_3)
FNDA:6,(anonymous_4)
FNDA:0,(anonymous_5)
FNDA:0,(anonymous_6)
FNDA:0,(anonymous_7)
FNDA:6,(anonymous_8)
FNDA:0,(anonymous_9)
FNDA:0,(anonymous_10)
FNDA:0,(anonymous_11)
DA:1,6
DA:2,6
DA:4,0
DA:7,0
DA:8,0
DA:11,0
DA:12,0
DA:17,6
DA:18,6
DA:20,0
DA:23,0
DA:24,0
DA:27,0
DA:28,0
DA:33,6
DA:34,6
DA:36,0
DA:39,0
DA:40,0
DA:43,0
DA:44,0
LF:21
LH:6
BRF:0
BRH:0
end_of_record
TN:
SF:src\app\redux\store\index.js
FN:13,(anonymous_0)
FNF:1
FNH:1
FNDA:4,(anonymous_0)
DA:7,4
DA:14,4
LF:2
LH:2
BRF:0
BRH:0
end_of_record
TN:
SF:src\app\ui\atoms\colorPreference\color-preference.style.js
FN:13,(anonymous_0)
FNF:1
FNH:1
FNDA:1,(anonymous_0)
DA:3,3
DA:13,1
LF:2
LH:2
BRF:0
BRH:0
end_of_record
TN:
SF:src\app\ui\atoms\colorPreference\index.jsx
FN:5,(anonymous_0)
FN:35,(anonymous_1)
FNF:2
FNH:1
FNDA:1,(anonymous_0)
FNDA:0,(anonymous_1)
DA:5,3
DA:6,1
DA:25,3
DA:32,3
LF:4
LH:4
BRDA:13,0,0,0
BRDA:13,0,1,1
BRF:2
BRH:1
end_of_record
TN:
SF:src\app\ui\atoms\messageAlert\index.jsx
FN:5,(anonymous_0)
FNF:1
FNH:1
FNDA:2,(anonymous_0)
DA:5,3
DA:6,2
DA:7,2
DA:14,0
DA:17,3
DA:21,3
LF:6
LH:5
BRDA:6,0,0,2
BRDA:6,0,1,0
BRF:2
BRH:1
end_of_record
TN:
SF:src\app\ui\atoms\messageAlert\message-alert.style.js
FNF:0
FNH:0
DA:3,3
LF:1
LH:1
BRF:0
BRH:0
end_of_record
TN:
SF:src\app\ui\atoms\messageStatus\index.jsx
FN:6,(anonymous_0)
FNF:1
FNH:1
FNDA:5,(anonymous_0)
DA:6,5
DA:7,5
DA:15,5
DA:19,5
LF:4
LH:4
BRF:0
BRH:0
end_of_record
TN:
SF:src\app\ui\atoms\messageStatus\message-status.style.js
FNF:0
FNH:0
DA:3,5
DA:11,5
LF:2
LH:2
BRF:0
BRH:0
end_of_record
TN:
SF:src\app\ui\atoms\modal\index.jsx
FN:6,(anonymous_0)
FNF:1
FNH:1
FNDA:27,(anonymous_0)
DA:6,3
DA:7,27
DA:15,3
DA:19,3
LF:4
LH:4
BRF:0
BRH:0
end_of_record
TN:
SF:src\app\ui\atoms\modal\modal.style.js
FN:4,(anonymous_0)
FN:8,(anonymous_1)
FN:11,(anonymous_2)
FNF:3
FNH:3
FNDA:27,(anonymous_0)
FNDA:27,(anonymous_1)
FNDA:27,(anonymous_2)
DA:3,3
DA:4,27
DA:8,27
DA:11,27
LF:4
LH:4
BRF:0
BRH:0
end_of_record
TN:
SF:src\app\ui\atoms\navItem\index.jsx
FN:5,(anonymous_0)
FNF:1
FNH:1
FNDA:128,(anonymous_0)
DA:5,7
DA:6,128
DA:15,7
DA:21,7
LF:4
LH:4
BRDA:8,0,0,34
BRDA:8,0,1,94
BRF:2
BRH:2
end_of_record
TN:
SF:src\app\ui\atoms\navItem\nav-item.style.js
FNF:0
FNH:0
DA:4,7
DA:14,7
LF:2
LH:2
BRF:0
BRH:0
end_of_record
TN:
SF:src\app\ui\atoms\profileImage\index.jsx
FN:5,(anonymous_0)
FNF:1
FNH:1
FNDA:4,(anonymous_0)
DA:5,8
DA:6,4
DA:13,8
DA:19,8
LF:4
LH:4
BRF:0
BRH:0
end_of_record
TN:
SF:src\app\ui\atoms\profileImage\profile-image.style.js
FNF:0
FNH:0
DA:3,8
DA:17,8
LF:2
LH:2
BRF:0
BRH:0
end_of_record
TN:
SF:src\app\ui\atoms\profileParagraph\index.jsx
FN:5,(anonymous_0)
FNF:1
FNH:1
FNDA:1,(anonymous_0)
DA:5,6
DA:6,1
DA:9,6
DA:14,6
LF:4
LH:4
BRF:0
BRH:0
end_of_record
TN:
SF:src\app\ui\atoms\profileParagraph\profile-paragraph.style.js
FNF:0
FNH:0
DA:3,6
LF:1
LH:1
BRF:0
BRH:0
end_of_record
TN:
SF:src\app\ui\atoms\profileTitle\index.jsx
FN:5,(anonymous_0)
FNF:1
FNH:1
FNDA:6,(anonymous_0)
DA:5,8
DA:6,6
DA:9,8
DA:14,8
LF:4
LH:4
BRF:0
BRH:0
end_of_record
TN:
SF:src\app\ui\atoms\profileTitle\profile-title.style.js
FN:10,(anonymous_0)
FNF:1
FNH:1
FNDA:6,(anonymous_0)
DA:3,8
DA:10,6
LF:2
LH:2
BRF:0
BRH:0
end_of_record
TN:
SF:src\app\ui\atoms\search\index.jsx
FN:6,(anonymous_0)
FN:25,(anonymous_1)
FNF:2
FNH:1
FNDA:30,(anonymous_0)
FNDA:0,(anonymous_1)
DA:6,4
DA:7,30
DA:20,4
DA:24,4
LF:4
LH:4
BRF:0
BRH:0
end_of_record
TN:
SF:src\app\ui\atoms\search\search.style.js
FN:10,(anonymous_0)
FN:21,(anonymous_1)
FN:22,(anonymous_2)
FNF:3
FNH:3
FNDA:30,(anonymous_0)
FNDA:30,(anonymous_1)
FNDA:30,(anonymous_2)
DA:3,4
DA:10,30
DA:14,4
DA:21,30
DA:22,30
LF:5
LH:5
BRF:0
BRH:0
end_of_record
TN:
SF:src\app\ui\atoms\tag\index.jsx
FN:5,(anonymous_0)
FNF:1
FNH:1
FNDA:1,(anonymous_0)
DA:5,2
DA:6,1
DA:9,2
DA:13,2
LF:4
LH:4
BRF:0
BRH:0
end_of_record
TN:
SF:src\app\ui\atoms\tag\tag.style.js
FN:5,(anonymous_0)
FN:6,(anonymous_1)
FN:11,(anonymous_2)
FNF:3
FNH:3
FNDA:1,(anonymous_0)
FNDA:1,(anonymous_1)
FNDA:1,(anonymous_2)
DA:3,2
DA:5,1
DA:6,1
DA:11,1
LF:4
LH:4
BRF:0
BRH:0
end_of_record
TN:
SF:src\app\ui\context\initState.js
FN:3,(anonymous_0)
FNF:1
FNH:0
FNDA:0,(anonymous_0)
DA:3,8
DA:4,0
DA:5,0
DA:7,0
LF:4
LH:1
BRF:0
BRH:0
end_of_record
TN:
SF:src\app\ui\context\uiChanges.js
FN:7,(anonymous_0)
FNF:1
FNH:0
FNDA:0,(anonymous_0)
DA:5,8
DA:7,8
DA:8,0
DA:13,8
LF:4
LH:3
BRF:0
BRH:0
end_of_record
TN:
SF:src\app\ui\molecules\addContact\add-contact.style.js
FN:12,(anonymous_0)
FN:31,(anonymous_1)
FN:42,(anonymous_2)
FN:44,(anonymous_3)
FN:45,(anonymous_4)
FN:51,(anonymous_5)
FNF:6
FNH:6
FNDA:27,(anonymous_0)
FNDA:27,(anonymous_1)
FNDA:54,(anonymous_2)
FNDA:54,(anonymous_3)
FNDA:54,(anonymous_4)
FNDA:27,(anonymous_5)
DA:3,3
DA:12,27
DA:15,3
DA:28,3
DA:31,27
DA:34,3
DA:39,3
DA:42,54
DA:44,54
DA:45,54
DA:48,3
DA:51,27
DA:54,3
LF:13
LH:13
BRF:0
BRH:0
end_of_record
TN:
SF:src\app\ui\molecules\addContact\index.jsx
FN:16,(anonymous_0)
FN:19,(anonymous_1)
FN:25,(anonymous_2)
FN:31,(anonymous_3)
FNF:4
FNH:3
FNDA:27,(anonymous_0)
FNDA:2,(anonymous_1)
FNDA:1,(anonymous_2)
FNDA:0,(anonymous_3)
DA:16,3
DA:17,27
DA:19,27
DA:20,2
DA:21,2
DA:22,2
DA:25,27
DA:26,1
DA:27,1
DA:28,1
DA:31,27
DA:32,0
DA:33,0
DA:34,0
DA:35,0
DA:36,0
DA:45,27
LF:17
LH:12
BRDA:22,0,0,2
BRDA:22,0,1,0
BRDA:28,1,0,1
BRDA:28,1,1,0
BRF:4
BRH:2
end_of_record
TN:
SF:src\app\ui\molecules\contact\contact.style.js
FN:9,(anonymous_0)
FNF:1
FNH:0
FNDA:0,(anonymous_0)
DA:3,5
DA:9,0
DA:16,5
DA:21,5
LF:4
LH:3
BRF:0
BRH:0
end_of_record
TN:
SF:src\app\ui\molecules\contact\index.jsx
FN:11,(anonymous_0)
FN:23,(anonymous_1)
FNF:2
FNH:1
FNDA:44,(anonymous_0)
FNDA:0,(anonymous_1)
DA:11,5
DA:20,44
DA:21,20
DA:23,0
DA:24,0
DA:25,0
DA:28,0
DA:44,5
DA:54,5
LF:9
LH:5
BRF:0
BRH:0
end_of_record
TN:
SF:src\app\ui\molecules\header\header.style.js
FN:9,(anonymous_0)
FNF:1
FNH:0
FNDA:0,(anonymous_0)
DA:3,1
DA:9,0
DA:12,1
DA:18,1
LF:4
LH:3
BRF:0
BRH:0
end_of_record
TN:
SF:src\app\ui\molecules\header\index.jsx
FN:9,(anonymous_0)
FN:12,(anonymous_1)
FNF:2
FNH:0
FNDA:0,(anonymous_0)
FNDA:0,(anonymous_1)
DA:9,1
DA:10,0
DA:12,0
DA:13,0
DA:16,0
DA:29,1
LF:6
LH:2
BRF:0
BRH:0
end_of_record
TN:
SF:src\app\ui\molecules\message\index.jsx
FN:8,(anonymous_0)
FNF:1
FNH:1
FNDA:3,(anonymous_0)
DA:8,2
DA:9,3
DA:23,2
DA:29,2
LF:4
LH:4
BRF:0
BRH:0
end_of_record
TN:
SF:src\app\ui\molecules\message\message.style.js
FN:16,(anonymous_0)
FNF:1
FNH:1
FNDA:3,(anonymous_0)
DA:3,2
DA:8,2
DA:14,2
DA:16,3
LF:4
LH:4
BRF:0
BRH:0
end_of_record
TN:
SF:src\app\ui\molecules\messageBox\index.jsx
FN:12,(anonymous_0)
FN:15,(anonymous_1)
FN:17,(anonymous_2)
FN:31,(anonymous_3)
FNF:4
FNH:1
FNDA:9,(anonymous_0)
FNDA:0,(anonymous_1)
FNDA:0,(anonymous_2)
FNDA:0,(anonymous_3)
DA:12,2
DA:13,9
DA:14,8
DA:15,0
DA:17,0
DA:18,0
DA:19,0
DA:20,0
DA:21,0
DA:22,0
DA:23,0
DA:25,0
DA:28,0
DA:31,0
LF:14
LH:3
BRDA:20,0,0,0
BRDA:20,0,1,0
BRDA:20,1,0,0
BRDA:20,1,1,0
BRDA:22,2,0,0
BRDA:22,2,1,0
BRDA:22,3,0,0
BRDA:22,3,1,0
BRF:8
BRH:0
end_of_record
TN:
SF:src\app\ui\molecules\messageBox\message-box.style.js
FN:9,(anonymous_0)
FN:10,(anonymous_1)
FN:23,(anonymous_2)
FN:26,(anonymous_3)
FN:33,(anonymous_4)
FN:34,(anonymous_5)
FNF:6
FNH:0
FNDA:0,(anonymous_0)
FNDA:0,(anonymous_1)
FNDA:0,(anonymous_2)
FNDA:0,(anonymous_3)
FNDA:0,(anonymous_4)
FNDA:0,(anonymous_5)
DA:3,2
DA:9,0
DA:10,0
DA:13,2
DA:23,0
DA:26,0
DA:30,2
DA:33,0
DA:34,0
DA:39,2
LF:10
LH:4
BRF:0
BRH:0
end_of_record
TN:
SF:src\app\ui\molecules\navigator\index.jsx
FN:12,(anonymous_0)
FNF:1
FNH:1
FNDA:31,(anonymous_0)
DA:12,6
DA:13,31
DA:41,6
DA:45,6
LF:4
LH:4
BRF:0
BRH:0
end_of_record
TN:
SF:src\app\ui\molecules\navigator\navigator.style.js
FN:5,(anonymous_0)
FNF:1
FNH:1
FNDA:31,(anonymous_0)
DA:3,6
DA:5,31
LF:2
LH:2
BRF:0
BRH:0
end_of_record
TN:
SF:src\app\ui\molecules\searchContainer\index.jsx
FN:5,(anonymous_0)
FNF:1
FNH:1
FNDA:29,(anonymous_0)
DA:5,4
DA:6,29
DA:9,4
DA:13,4
LF:4
LH:4
BRF:0
BRH:0
end_of_record
TN:
SF:src\app\ui\molecules\searchContainer\search-container.style.js
FN:4,(anonymous_0)
FN:6,(anonymous_1)
FNF:2
FNH:2
FNDA:29,(anonymous_0)
FNDA:29,(anonymous_1)
DA:3,4
DA:4,29
DA:6,29
LF:3
LH:3
BRF:0
BRH:0
end_of_record
TN:
SF:src\app\ui\organism\messageDisplay\index.jsx
FN:11,(anonymous_0)
FN:15,(anonymous_1)
FN:16,(anonymous_2)
FN:19,(anonymous_3)
FN:21,(anonymous_4)
FN:28,(anonymous_5)
FN:31,(anonymous_6)
FNF:7
FNH:1
FNDA:5,(anonymous_0)
FNDA:0,(anonymous_1)
FNDA:0,(anonymous_2)
FNDA:0,(anonymous_3)
FNDA:0,(anonymous_4)
FNDA:0,(anonymous_5)
FNDA:0,(anonymous_6)
DA:11,1
DA:12,5
DA:15,0
DA:16,0
DA:17,0
DA:19,0
DA:20,0
DA:21,0
DA:24,0
DA:29,0
DA:32,0
LF:11
LH:2
BRF:0
BRH:0
end_of_record
TN:
SF:src\app\ui\organism\messageDisplay\message-display.style.js
FN:10,(anonymous_0)
FNF:1
FNH:0
FNDA:0,(anonymous_0)
DA:3,1
DA:10,0
DA:15,1
LF:3
LH:2
BRDA:10,0,0,0
BRDA:10,0,1,0
BRF:2
BRH:0
end_of_record
TN:
SF:src\app\ui\pages\callPanel\call-panel.style.js
FN:5,(anonymous_0)
FN:12,(anonymous_1)
FNF:2
FNH:2
FNDA:2,(anonymous_0)
FNDA:2,(anonymous_1)
DA:3,2
DA:5,2
DA:8,2
DA:12,2
LF:4
LH:4
BRF:0
BRH:0
end_of_record
TN:
SF:src\app\ui\pages\callPanel\index.jsx
FN:7,(anonymous_0)
FNF:1
FNH:1
FNDA:3,(anonymous_0)
DA:7,2
DA:8,3
LF:2
LH:2
BRF:0
BRH:0
end_of_record
TN:
SF:src\app\ui\pages\configPanel\config-panel.style.js
FN:5,(anonymous_0)
FNF:1
FNH:0
FNDA:0,(anonymous_0)
DA:3,2
DA:5,0
DA:8,2
DA:14,2
LF:4
LH:3
BRF:0
BRH:0
end_of_record
TN:
SF:src\app\ui\pages\configPanel\index.jsx
FN:10,(anonymous_0)
FN:13,(anonymous_1)
FN:26,(anonymous_2)
FN:32,(anonymous_3)
FNF:4
FNH:1
FNDA:5,(anonymous_0)
FNDA:0,(anonymous_1)
FNDA:0,(anonymous_2)
FNDA:0,(anonymous_3)
DA:10,2
DA:11,5
DA:13,0
DA:14,0
DA:17,0
DA:26,0
DA:32,0
LF:7
LH:2
BRF:0
BRH:0
end_of_record
TN:
SF:src\app\ui\pages\contactPanel\index.jsx
FN:11,(anonymous_0)
FN:13,(anonymous_1)
FN:16,(anonymous_2)
FN:20,(anonymous_3)
FN:22,(anonymous_4)
FN:25,(anonymous_5)
FN:27,(anonymous_6)
FN:40,(anonymous_7)
FNF:8
FNH:6
FNDA:26,(anonymous_0)
FNDA:31,(anonymous_1)
FNDA:7,(anonymous_2)
FNDA:5,(anonymous_3)
FNDA:5,(anonymous_4)
FNDA:0,(anonymous_5)
FNDA:0,(anonymous_6)
FNDA:10,(anonymous_7)
DA:11,2
DA:12,26
DA:13,31
DA:14,24
DA:16,24
DA:17,7
DA:20,24
DA:21,5
DA:22,5
DA:25,24
DA:26,0
DA:27,0
DA:28,0
DA:30,0
DA:33,24
DA:41,10
LF:16
LH:12
BRF:0
BRH:0
end_of_record
TN:
SF:src\app\ui\pages\messagePanel\index.jsx
FN:13,(anonymous_0)
FN:15,(anonymous_1)
FN:18,(anonymous_2)
FN:22,(anonymous_3)
FN:26,(anonymous_4)
FN:29,(anonymous_5)
FN:31,(anonymous_6)
FN:43,(anonymous_7)
FNF:8
FNH:6
FNDA:9,(anonymous_0)
FNDA:10,(anonymous_1)
FNDA:2,(anonymous_2)
FNDA:1,(anonymous_3)
FNDA:1,(anonymous_4)
FNDA:0,(anonymous_5)
FNDA:0,(anonymous_6)
FNDA:4,(anonymous_7)
DA:13,2
DA:14,9
DA:15,10
DA:16,8
DA:18,8
DA:19,2
DA:22,8
DA:23,1
DA:26,1
DA:29,8
DA:30,0
DA:31,0
DA:32,0
DA:34,0
DA:37,8
DA:44,4
LF:16
LH:12
BRF:0
BRH:0
end_of_record
TN:
SF:src\app\ui\routes\route.jsx
FN:8,(anonymous_0)
FNF:1
FNH:1
FNDA:5,(anonymous_0)
DA:8,1
DA:9,5
LF:2
LH:2
BRF:0
BRH:0
end_of_record
TN:
SF:src\app\ui\templates\appLayout\app-layout.style.js
FN:7,(anonymous_0)
FNF:1
FNH:1
FNDA:1,(anonymous_0)
DA:3,1
DA:7,1
LF:2
LH:2
BRF:0
BRH:0
end_of_record
TN:
SF:src\app\ui\templates\appLayout\index.jsx
FN:5,(anonymous_0)
FNF:1
FNH:1
FNDA:1,(anonymous_0)
DA:5,1
DA:6,1
DA:9,1
DA:13,1
LF:4
LH:4
BRF:0
BRH:0
end_of_record
TN:
SF:src\app\ui\templates\sideLayout\index.jsx
FN:6,(anonymous_0)
FNF:1
FNH:1
FNDA:8,(anonymous_0)
DA:6,1
DA:7,8
DA:8,0
DA:15,1
DA:19,1
LF:5
LH:4
BRF:0
BRH:0
end_of_record
TN:
SF:src\app\ui\templates\sideLayout\side-layout.style.js
FN:7,(anonymous_0)
FN:11,(anonymous_1)
FNF:2
FNH:0
FNDA:0,(anonymous_0)
FNDA:0,(anonymous_1)
DA:3,1
DA:7,0
DA:11,0
LF:3
LH:1
BRDA:11,0,0,0
BRDA:11,0,1,0
BRF:2
BRH:0
end_of_record
TN:
SF:src\app\ui\templates\sidePanel\index.jsx
FN:5,(anonymous_0)
FNF:1
FNH:1
FNDA:31,(anonymous_0)
DA:5,6
DA:6,31
DA:9,6
DA:13,6
LF:4
LH:4
BRF:0
BRH:0
end_of_record
TN:
SF:src\app\ui\templates\sidePanel\side-panel.js
FNF:0
FNH:0
DA:3,6
LF:1
LH:1
BRF:0
BRH:0
end_of_record
